{"/home/travis/build/npmtest/node-npmtest-karma-coverage/test.js":{"path":"/home/travis/build/npmtest/node-npmtest-karma-coverage/test.js","s":{"1":2,"2":2,"3":2,"4":2,"5":2,"6":2,"7":2,"8":1,"9":2,"10":2,"11":1,"12":1,"13":1,"14":1,"15":2,"16":2,"17":2,"18":2,"19":1,"20":1,"21":2,"22":2,"23":2,"24":1,"25":1,"26":1,"27":1,"28":1,"29":1,"30":1,"31":1,"32":1,"33":1,"34":1,"35":1,"36":1,"37":1,"38":1,"39":2,"40":2,"41":1,"42":2,"43":2,"44":1,"45":2,"46":2,"47":1,"48":2,"49":2,"50":1,"51":1,"52":1,"53":1,"54":1},"b":{"1":[2,1,1,1],"2":[1,1,1,1],"3":[1,1],"4":[1,1],"5":[1,1],"6":[1,1],"7":[1,1],"8":[1,1],"9":[1,1],"10":[1,1,1],"11":[1,1],"12":[1,1],"13":[1,1],"14":[1,1],"15":[1,1],"16":[1,1],"17":[1,1]},"f":{"1":2,"2":2,"3":2,"4":2,"5":2,"6":1,"7":1,"8":1,"9":2,"10":2,"11":2,"12":2,"13":1},"fnMap":{"1":{"name":"(anonymous_1)","line":12,"loc":{"start":{"line":12,"column":1},"end":{"line":12,"column":13}}},"2":{"name":"(anonymous_2)","line":19,"loc":{"start":{"line":19,"column":5},"end":{"line":19,"column":17}}},"3":{"name":"(anonymous_3)","line":23,"loc":{"start":{"line":23,"column":24},"end":{"line":23,"column":36}}},"4":{"name":"(anonymous_4)","line":61,"loc":{"start":{"line":61,"column":5},"end":{"line":61,"column":17}}},"5":{"name":"(anonymous_5)","line":82,"loc":{"start":{"line":82,"column":5},"end":{"line":82,"column":17}}},"6":{"name":"(anonymous_6)","line":91,"loc":{"start":{"line":91,"column":77},"end":{"line":94,"column":10}}},"7":{"name":"(anonymous_7)","line":112,"loc":{"start":{"line":112,"column":83},"end":{"line":115,"column":10}},"skip":true},"8":{"name":"(anonymous_8)","line":123,"loc":{"start":{"line":123,"column":77},"end":{"line":126,"column":10}},"skip":true},"9":{"name":"(anonymous_9)","line":139,"loc":{"start":{"line":139,"column":12},"end":{"line":139,"column":40}},"skip":true},"10":{"name":"(anonymous_10)","line":147,"loc":{"start":{"line":147,"column":77},"end":{"line":150,"column":10}},"skip":true},"11":{"name":"(anonymous_11)","line":158,"loc":{"start":{"line":158,"column":83},"end":{"line":161,"column":10}},"skip":true},"12":{"name":"(anonymous_12)","line":169,"loc":{"start":{"line":169,"column":79},"end":{"line":172,"column":10}},"skip":true},"13":{"name":"(anonymous_13)","line":180,"loc":{"start":{"line":180,"column":75},"end":{"line":183,"column":10}},"skip":true}},"statementMap":{"1":{"start":{"line":12,"column":0},"end":{"line":195,"column":5}},"2":{"start":{"line":14,"column":4},"end":{"line":14,"column":14}},"3":{"start":{"line":19,"column":4},"end":{"line":56,"column":9}},"4":{"start":{"line":21,"column":8},"end":{"line":21,"column":19}},"5":{"start":{"line":23,"column":8},"end":{"line":35,"column":13}},"6":{"start":{"line":24,"column":12},"end":{"line":34,"column":13}},"7":{"start":{"line":25,"column":16},"end":{"line":28,"column":30}},"8":{"start":{"line":30,"column":16},"end":{"line":33,"column":27}},"9":{"start":{"line":37,"column":8},"end":{"line":39,"column":21}},"10":{"start":{"line":40,"column":8},"end":{"line":53,"column":9}},"11":{"start":{"line":43,"column":12},"end":{"line":46,"column":14}},"12":{"start":{"line":47,"column":12},"end":{"line":47,"column":18}},"13":{"start":{"line":50,"column":12},"end":{"line":51,"column":46}},"14":{"start":{"line":52,"column":12},"end":{"line":52,"column":18}},"15":{"start":{"line":55,"column":8},"end":{"line":55,"column":35}},"16":{"start":{"line":61,"column":4},"end":{"line":63,"column":9}},"17":{"start":{"line":62,"column":8},"end":{"line":62,"column":15}},"18":{"start":{"line":64,"column":4},"end":{"line":77,"column":5}},"19":{"start":{"line":70,"column":8},"end":{"line":70,"column":14}},"20":{"start":{"line":76,"column":8},"end":{"line":76,"column":14}},"21":{"start":{"line":82,"column":4},"end":{"line":84,"column":9}},"22":{"start":{"line":83,"column":8},"end":{"line":83,"column":15}},"23":{"start":{"line":85,"column":4},"end":{"line":194,"column":5}},"24":{"start":{"line":91,"column":8},"end":{"line":99,"column":10}},"25":{"start":{"line":98,"column":12},"end":{"line":98,"column":35}},"26":{"start":{"line":102,"column":8},"end":{"line":104,"column":63}},"27":{"start":{"line":105,"column":8},"end":{"line":105,"column":14}},"28":{"start":{"line":112,"column":8},"end":{"line":121,"column":10},"skip":true},"29":{"start":{"line":119,"column":12},"end":{"line":119,"column":55},"skip":true},"30":{"start":{"line":120,"column":12},"end":{"line":120,"column":48},"skip":true},"31":{"start":{"line":123,"column":8},"end":{"line":136,"column":10},"skip":true},"32":{"start":{"line":130,"column":12},"end":{"line":130,"column":76},"skip":true},"33":{"start":{"line":131,"column":12},"end":{"line":131,"column":73},"skip":true},"34":{"start":{"line":132,"column":12},"end":{"line":132,"column":74},"skip":true},"35":{"start":{"line":133,"column":12},"end":{"line":133,"column":79},"skip":true},"36":{"start":{"line":134,"column":12},"end":{"line":134,"column":25},"skip":true},"37":{"start":{"line":135,"column":12},"end":{"line":135,"column":45},"skip":true},"38":{"start":{"line":138,"column":8},"end":{"line":145,"column":14},"skip":true},"39":{"start":{"line":143,"column":16},"end":{"line":143,"column":29},"skip":true},"40":{"start":{"line":144,"column":16},"end":{"line":144,"column":55},"skip":true},"41":{"start":{"line":147,"column":8},"end":{"line":156,"column":10},"skip":true},"42":{"start":{"line":154,"column":12},"end":{"line":154,"column":25},"skip":true},"43":{"start":{"line":155,"column":12},"end":{"line":155,"column":45},"skip":true},"44":{"start":{"line":158,"column":8},"end":{"line":167,"column":10},"skip":true},"45":{"start":{"line":165,"column":12},"end":{"line":165,"column":25},"skip":true},"46":{"start":{"line":166,"column":12},"end":{"line":166,"column":48},"skip":true},"47":{"start":{"line":169,"column":8},"end":{"line":178,"column":10},"skip":true},"48":{"start":{"line":176,"column":12},"end":{"line":176,"column":25},"skip":true},"49":{"start":{"line":177,"column":12},"end":{"line":177,"column":46},"skip":true},"50":{"start":{"line":180,"column":8},"end":{"line":189,"column":10},"skip":true},"51":{"start":{"line":187,"column":12},"end":{"line":187,"column":94},"skip":true},"52":{"start":{"line":188,"column":12},"end":{"line":188,"column":48},"skip":true},"53":{"start":{"line":192,"column":8},"end":{"line":192,"column":35},"skip":true},"54":{"start":{"line":193,"column":8},"end":{"line":193,"column":14},"skip":true}},"branchMap":{"1":{"line":25,"type":"binary-expr","locations":[{"start":{"line":25,"column":23},"end":{"line":25,"column":62}},{"start":{"line":26,"column":20},"end":{"line":26,"column":70}},{"start":{"line":27,"column":20},"end":{"line":27,"column":71}},{"start":{"line":28,"column":20},"end":{"line":28,"column":29}}]},"2":{"line":30,"type":"binary-expr","locations":[{"start":{"line":30,"column":23},"end":{"line":30,"column":37}},{"start":{"line":31,"column":20},"end":{"line":31,"column":61}},{"start":{"line":32,"column":20},"end":{"line":32,"column":70}},{"start":{"line":33,"column":20},"end":{"line":33,"column":26}}]},"3":{"line":37,"type":"cond-expr","locations":[{"start":{"line":38,"column":14},"end":{"line":38,"column":20}},{"start":{"line":39,"column":14},"end":{"line":39,"column":20}}]},"4":{"line":40,"type":"switch","locations":[{"start":{"line":42,"column":8},"end":{"line":47,"column":18}},{"start":{"line":49,"column":8},"end":{"line":52,"column":18}}]},"5":{"line":44,"type":"binary-expr","locations":[{"start":{"line":44,"column":16},"end":{"line":44,"column":44}},{"start":{"line":44,"column":48},"end":{"line":44,"column":66}}]},"6":{"line":50,"type":"binary-expr","locations":[{"start":{"line":50,"column":21},"end":{"line":50,"column":49}},{"start":{"line":50,"column":53},"end":{"line":50,"column":72}}]},"7":{"line":64,"type":"switch","locations":[{"start":{"line":69,"column":4},"end":{"line":70,"column":14}},{"start":{"line":75,"column":4},"end":{"line":76,"column":14}}]},"8":{"line":85,"type":"switch","locations":[{"start":{"line":90,"column":4},"end":{"line":105,"column":14}},{"start":{"line":111,"column":4},"end":{"line":193,"column":14},"skip":true}]},"9":{"line":91,"type":"binary-expr","locations":[{"start":{"line":91,"column":42},"end":{"line":91,"column":73}},{"start":{"line":91,"column":77},"end":{"line":99,"column":9}}]},"10":{"line":102,"type":"binary-expr","locations":[{"start":{"line":102,"column":18},"end":{"line":102,"column":32}},{"start":{"line":103,"column":12},"end":{"line":103,"column":53}},{"start":{"line":104,"column":12},"end":{"line":104,"column":61}}]},"11":{"line":112,"type":"binary-expr","locations":[{"start":{"line":112,"column":45},"end":{"line":112,"column":79},"skip":true},{"start":{"line":112,"column":83},"end":{"line":121,"column":9},"skip":true}]},"12":{"line":123,"type":"binary-expr","locations":[{"start":{"line":123,"column":42},"end":{"line":123,"column":73},"skip":true},{"start":{"line":123,"column":77},"end":{"line":136,"column":9},"skip":true}]},"13":{"line":138,"type":"binary-expr","locations":[{"start":{"line":138,"column":48},"end":{"line":138,"column":85},"skip":true},{"start":{"line":139,"column":12},"end":{"line":145,"column":13},"skip":true}]},"14":{"line":147,"type":"binary-expr","locations":[{"start":{"line":147,"column":42},"end":{"line":147,"column":73},"skip":true},{"start":{"line":147,"column":77},"end":{"line":156,"column":9},"skip":true}]},"15":{"line":158,"type":"binary-expr","locations":[{"start":{"line":158,"column":45},"end":{"line":158,"column":79},"skip":true},{"start":{"line":158,"column":83},"end":{"line":167,"column":9},"skip":true}]},"16":{"line":169,"type":"binary-expr","locations":[{"start":{"line":169,"column":43},"end":{"line":169,"column":75},"skip":true},{"start":{"line":169,"column":79},"end":{"line":178,"column":9},"skip":true}]},"17":{"line":180,"type":"binary-expr","locations":[{"start":{"line":180,"column":41},"end":{"line":180,"column":71},"skip":true},{"start":{"line":180,"column":75},"end":{"line":189,"column":9},"skip":true}]}},"code":["/* istanbul instrument in package npmtest_karma_coverage */","/*jslint","    bitwise: true,","    browser: true,","    maxerr: 8,","    maxlen: 96,","    node: true,","    nomen: true,","    regexp: true,","    stupid: true","*/","(function () {","    'use strict';","    var local;","","","","    // run shared js-env code - pre-init","    (function () {","        // init local","        local = {};","        // init modeJs","        local.modeJs = (function () {","            try {","                return typeof navigator.userAgent === 'string' &&","                    typeof document.querySelector('body') === 'object' &&","                    typeof XMLHttpRequest.prototype.open === 'function' &&","                    'browser';","            } catch (errorCaughtBrowser) {","                return module.exports &&","                    typeof process.versions.node === 'string' &&","                    typeof require('http').createServer === 'function' &&","                    'node';","            }","        }());","        // init global","        local.global = local.modeJs === 'browser'","            ? window","            : global;","        switch (local.modeJs) {","        // re-init local from window.local","        case 'browser':","            local = local.global.utility2.objectSetDefault(","                local.global.utility2_rollup || local.global.local,","                local.global.utility2","            );","            break;","        // re-init local from example.js","        case 'node':","            local = (local.global.utility2_rollup || require('utility2'))","                .requireExampleJsFromReadme();","            break;","        }","        // export local","        local.global.local = local;","    }());","","","","    // run shared js-env code - function","    (function () {","        return;","    }());","    switch (local.modeJs) {","","","","    // run browser js-env code - function","    case 'browser':","        break;","","","","    // run node js-env code - function","    case 'node':","        break;","    }","","","","    // run shared js-env code - post-init","    (function () {","        return;","    }());","    switch (local.modeJs) {","","","","    // run browser js-env code - post-init","    case 'browser':","        local.testCase_browser_nullCase = local.testCase_browser_nullCase || function (","            options,","            onError","        ) {","        /*","         * this function will test browsers's null-case handling-behavior-behavior","         */","            onError(null, options);","        };","","        // run tests","        local.nop(local.modeTest &&","            document.querySelector('#testRunButton1') &&","            document.querySelector('#testRunButton1').click());","        break;","","","","    // run node js-env code - post-init","    /* istanbul ignore next */","    case 'node':","        local.testCase_buildApidoc_default = local.testCase_buildApidoc_default || function (","            options,","            onError","        ) {","        /*","         * this function will test buildApidoc's default handling-behavior-behavior","         */","            options = { modulePathList: module.paths };","            local.buildApidoc(options, onError);","        };","","        local.testCase_buildApp_default = local.testCase_buildApp_default || function (","            options,","            onError","        ) {","        /*","         * this function will test buildApp's default handling-behavior-behavior","         */","            local.testCase_buildReadme_default(options, local.onErrorThrow);","            local.testCase_buildLib_default(options, local.onErrorThrow);","            local.testCase_buildTest_default(options, local.onErrorThrow);","            local.testCase_buildCustomOrg_default(options, local.onErrorThrow);","            options = [];","            local.buildApp(options, onError);","        };","","        local.testCase_buildCustomOrg_default = local.testCase_buildCustomOrg_default ||","            function (options, onError) {","            /*","             * this function will test buildCustomOrg's default handling-behavior","             */","                options = {};","                local.buildCustomOrg(options, onError);","            };","","        local.testCase_buildLib_default = local.testCase_buildLib_default || function (","            options,","            onError","        ) {","        /*","         * this function will test buildLib's default handling-behavior","         */","            options = {};","            local.buildLib(options, onError);","        };","","        local.testCase_buildReadme_default = local.testCase_buildReadme_default || function (","            options,","            onError","        ) {","        /*","         * this function will test buildReadme's default handling-behavior-behavior","         */","            options = {};","            local.buildReadme(options, onError);","        };","","        local.testCase_buildTest_default = local.testCase_buildTest_default || function (","            options,","            onError","        ) {","        /*","         * this function will test buildTest's default handling-behavior","         */","            options = {};","            local.buildTest(options, onError);","        };","","        local.testCase_webpage_default = local.testCase_webpage_default || function (","            options,","            onError","        ) {","        /*","         * this function will test webpage's default handling-behavior","         */","            options = { modeCoverageMerge: true, url: local.serverLocalHost + '?modeTest=1' };","            local.browserTest(options, onError);","        };","","        // run test-server","        local.testRunServer(local);","        break;","    }","}());",""],"l":{"12":2,"14":2,"19":2,"21":2,"23":2,"24":2,"25":2,"30":1,"37":2,"40":2,"43":1,"47":1,"50":1,"52":1,"55":2,"61":2,"62":2,"64":2,"70":1,"76":1,"82":2,"83":2,"85":2,"91":1,"98":1,"102":1,"105":1,"112":1,"119":1,"120":1,"123":1,"130":1,"131":1,"132":1,"133":1,"134":1,"135":1,"138":1,"143":2,"144":2,"147":1,"154":2,"155":2,"158":1,"165":2,"166":2,"169":1,"176":2,"177":2,"180":1,"187":1,"188":1,"192":1,"193":1}},"/home/travis/build/npmtest/node-npmtest-karma-coverage/lib.npmtest_karma_coverage.js":{"path":"/home/travis/build/npmtest/node-npmtest-karma-coverage/lib.npmtest_karma_coverage.js","s":{"1":2,"2":2,"3":2,"4":2,"5":2,"6":2,"7":2,"8":1,"9":2,"10":2,"11":2,"12":2,"13":1,"14":1,"15":1,"16":1},"b":{"1":[2,1,1,1],"2":[1,1,1,1],"3":[1,1],"4":[2,2],"5":[1,1]},"f":{"1":2,"2":2,"3":2},"fnMap":{"1":{"name":"(anonymous_1)","line":12,"loc":{"start":{"line":12,"column":1},"end":{"line":12,"column":13}}},"2":{"name":"(anonymous_2)","line":19,"loc":{"start":{"line":19,"column":5},"end":{"line":19,"column":17}}},"3":{"name":"(anonymous_3)","line":23,"loc":{"start":{"line":23,"column":24},"end":{"line":23,"column":36}}}},"statementMap":{"1":{"start":{"line":12,"column":0},"end":{"line":53,"column":5}},"2":{"start":{"line":14,"column":4},"end":{"line":14,"column":14}},"3":{"start":{"line":19,"column":4},"end":{"line":52,"column":9}},"4":{"start":{"line":21,"column":8},"end":{"line":21,"column":19}},"5":{"start":{"line":23,"column":8},"end":{"line":35,"column":13}},"6":{"start":{"line":24,"column":12},"end":{"line":34,"column":13}},"7":{"start":{"line":25,"column":16},"end":{"line":28,"column":30}},"8":{"start":{"line":30,"column":16},"end":{"line":33,"column":27}},"9":{"start":{"line":37,"column":8},"end":{"line":39,"column":21}},"10":{"start":{"line":41,"column":8},"end":{"line":41,"column":54}},"11":{"start":{"line":43,"column":8},"end":{"line":43,"column":59}},"12":{"start":{"line":45,"column":8},"end":{"line":51,"column":9}},"13":{"start":{"line":46,"column":12},"end":{"line":46,"column":65}},"14":{"start":{"line":48,"column":12},"end":{"line":48,"column":35}},"15":{"start":{"line":49,"column":12},"end":{"line":49,"column":49}},"16":{"start":{"line":50,"column":12},"end":{"line":50,"column":43}}},"branchMap":{"1":{"line":25,"type":"binary-expr","locations":[{"start":{"line":25,"column":23},"end":{"line":25,"column":62}},{"start":{"line":26,"column":20},"end":{"line":26,"column":70}},{"start":{"line":27,"column":20},"end":{"line":27,"column":71}},{"start":{"line":28,"column":20},"end":{"line":28,"column":29}}]},"2":{"line":30,"type":"binary-expr","locations":[{"start":{"line":30,"column":23},"end":{"line":30,"column":37}},{"start":{"line":31,"column":20},"end":{"line":31,"column":61}},{"start":{"line":32,"column":20},"end":{"line":32,"column":70}},{"start":{"line":33,"column":20},"end":{"line":33,"column":26}}]},"3":{"line":37,"type":"cond-expr","locations":[{"start":{"line":38,"column":14},"end":{"line":38,"column":20}},{"start":{"line":39,"column":14},"end":{"line":39,"column":20}}]},"4":{"line":41,"type":"binary-expr","locations":[{"start":{"line":41,"column":16},"end":{"line":41,"column":44}},{"start":{"line":41,"column":48},"end":{"line":41,"column":53}}]},"5":{"line":45,"type":"if","locations":[{"start":{"line":45,"column":8},"end":{"line":45,"column":8}},{"start":{"line":45,"column":8},"end":{"line":45,"column":8}}]}},"code":["/* istanbul instrument in package npmtest_karma_coverage */","/*jslint","    bitwise: true,","    browser: true,","    maxerr: 8,","    maxlen: 96,","    node: true,","    nomen: true,","    regexp: true,","    stupid: true","*/","(function () {","    'use strict';","    var local;","","","","    // run shared js-env code - pre-init","    (function () {","        // init local","        local = {};","        // init modeJs","        local.modeJs = (function () {","            try {","                return typeof navigator.userAgent === 'string' &&","                    typeof document.querySelector('body') === 'object' &&","                    typeof XMLHttpRequest.prototype.open === 'function' &&","                    'browser';","            } catch (errorCaughtBrowser) {","                return module.exports &&","                    typeof process.versions.node === 'string' &&","                    typeof require('http').createServer === 'function' &&","                    'node';","            }","        }());","        // init global","        local.global = local.modeJs === 'browser'","            ? window","            : global;","        // init utility2_rollup","        local = local.global.utility2_rollup || local;","        // init lib","        local.local = local.npmtest_karma_coverage = local;","        // init exports","        if (local.modeJs === 'browser') {","            local.global.utility2_npmtest_karma_coverage = local;","        } else {","            module.exports = local;","            module.exports.__dirname = __dirname;","            module.exports.module = module;","        }","    }());","}());",""],"l":{"12":2,"14":2,"19":2,"21":2,"23":2,"24":2,"25":2,"30":1,"37":2,"41":2,"43":2,"45":2,"46":1,"48":1,"49":1,"50":1}},"/home/travis/build/npmtest/node-npmtest-karma-coverage/example.js":{"path":"/home/travis/build/npmtest/node-npmtest-karma-coverage/example.js","s":{"1":2,"2":2,"3":2,"4":2,"5":2,"6":2,"7":2,"8":1,"9":2,"10":2,"11":2,"12":2,"13":1,"14":2,"15":2,"16":2,"17":2,"18":2,"19":0,"20":2,"21":1,"22":1,"23":1,"24":1,"25":1,"26":0,"27":0,"28":1,"29":1,"30":2,"31":0,"32":0,"33":0,"34":1,"35":2,"36":2,"37":3,"38":3,"39":3,"40":3,"41":0,"42":3,"43":3,"44":3,"45":1,"46":3,"47":1,"48":1,"49":1,"50":1,"51":1,"52":1,"53":1,"54":1,"55":1,"56":1,"57":0,"58":1,"59":6,"60":6,"61":1,"62":2,"63":0,"64":2,"65":1,"66":1,"67":0,"68":0,"69":0,"70":0,"71":0,"72":0,"73":0,"74":0,"75":0,"76":0,"77":0,"78":0,"79":0,"80":0,"81":0,"82":0,"83":0},"b":{"1":[2,1,1,1],"2":[1,1,1,1],"3":[1,1],"4":[2,2],"5":[1,1],"6":[1,1],"7":[2,0],"8":[2,1,1,1,1,1],"9":[0,2,0],"10":[1,1],"11":[2,1,1],"12":[1,0],"13":[0,2],"14":[2,0,0,0,0,0,0],"15":[0,3],"16":[3,0],"17":[1,1],"18":[0,1],"19":[1,2,0,2],"20":[1,0],"21":[1,1],"22":[0,0],"23":[0,0],"24":[0,0],"25":[0,0],"26":[0,0],"27":[0,0],"28":[0,0]},"f":{"1":2,"2":2,"3":2,"4":2,"5":2,"6":2,"7":3,"8":3,"9":3,"10":1,"11":6,"12":0},"fnMap":{"1":{"name":"(anonymous_1)","line":26,"loc":{"start":{"line":26,"column":1},"end":{"line":26,"column":13}}},"2":{"name":"(anonymous_2)","line":33,"loc":{"start":{"line":33,"column":5},"end":{"line":33,"column":17}}},"3":{"name":"(anonymous_3)","line":37,"loc":{"start":{"line":37,"column":24},"end":{"line":37,"column":36}}},"4":{"name":"(anonymous_4)","line":69,"loc":{"start":{"line":69,"column":31},"end":{"line":69,"column":48}},"skip":true},"5":{"name":"(anonymous_5)","line":78,"loc":{"start":{"line":78,"column":26},"end":{"line":78,"column":45}},"skip":true},"6":{"name":"(anonymous_6)","line":123,"loc":{"start":{"line":123,"column":33},"end":{"line":123,"column":48}},"skip":true},"7":{"name":"(anonymous_7)","line":125,"loc":{"start":{"line":125,"column":27},"end":{"line":125,"column":39}},"skip":true},"8":{"name":"(anonymous_8)","line":133,"loc":{"start":{"line":133,"column":59},"end":{"line":133,"column":74}},"skip":true},"9":{"name":"(anonymous_9)","line":143,"loc":{"start":{"line":143,"column":45},"end":{"line":143,"column":62}},"skip":true},"10":{"name":"(anonymous_10)","line":144,"loc":{"start":{"line":144,"column":73},"end":{"line":144,"column":92}},"skip":true},"11":{"name":"(anonymous_11)","line":272,"loc":{"start":{"line":272,"column":51},"end":{"line":272,"column":77}},"skip":true},"12":{"name":"(anonymous_12)","line":315,"loc":{"start":{"line":315,"column":32},"end":{"line":315,"column":61}},"skip":true}},"statementMap":{"1":{"start":{"line":26,"column":0},"end":{"line":326,"column":5}},"2":{"start":{"line":28,"column":4},"end":{"line":28,"column":14}},"3":{"start":{"line":33,"column":4},"end":{"line":60,"column":9}},"4":{"start":{"line":35,"column":8},"end":{"line":35,"column":19}},"5":{"start":{"line":37,"column":8},"end":{"line":49,"column":13}},"6":{"start":{"line":38,"column":12},"end":{"line":48,"column":13}},"7":{"start":{"line":39,"column":16},"end":{"line":42,"column":30}},"8":{"start":{"line":44,"column":16},"end":{"line":47,"column":27}},"9":{"start":{"line":51,"column":8},"end":{"line":53,"column":21}},"10":{"start":{"line":55,"column":8},"end":{"line":57,"column":45}},"11":{"start":{"line":59,"column":8},"end":{"line":59,"column":35}},"12":{"start":{"line":61,"column":4},"end":{"line":325,"column":5}},"13":{"start":{"line":69,"column":8},"end":{"line":121,"column":10},"skip":true},"14":{"start":{"line":70,"column":12},"end":{"line":88,"column":13},"skip":true},"15":{"start":{"line":76,"column":16},"end":{"line":87,"column":19},"skip":true},"16":{"start":{"line":79,"column":20},"end":{"line":86,"column":21},"skip":true},"17":{"start":{"line":82,"column":24},"end":{"line":82,"column":43},"skip":true},"18":{"start":{"line":83,"column":24},"end":{"line":83,"column":30},"skip":true},"19":{"start":{"line":85,"column":24},"end":{"line":85,"column":49},"skip":true},"20":{"start":{"line":89,"column":12},"end":{"line":107,"column":13},"skip":true},"21":{"start":{"line":92,"column":16},"end":{"line":102,"column":17},"skip":true},"22":{"start":{"line":93,"column":20},"end":{"line":93,"column":86},"skip":true},"23":{"start":{"line":94,"column":20},"end":{"line":95,"column":45},"skip":true},"24":{"start":{"line":96,"column":20},"end":{"line":96,"column":42},"skip":true},"25":{"start":{"line":97,"column":20},"end":{"line":97,"column":48},"skip":true},"26":{"start":{"line":100,"column":20},"end":{"line":100,"column":85},"skip":true},"27":{"start":{"line":101,"column":20},"end":{"line":101,"column":96},"skip":true},"28":{"start":{"line":103,"column":16},"end":{"line":103,"column":22},"skip":true},"29":{"start":{"line":106,"column":16},"end":{"line":106,"column":22},"skip":true},"30":{"start":{"line":108,"column":12},"end":{"line":120,"column":13},"skip":true},"31":{"start":{"line":114,"column":16},"end":{"line":119,"column":17},"skip":true},"32":{"start":{"line":116,"column":20},"end":{"line":116,"column":78},"skip":true},"33":{"start":{"line":118,"column":20},"end":{"line":118,"column":47},"skip":true},"34":{"start":{"line":123,"column":8},"end":{"line":141,"column":11},"skip":true},"35":{"start":{"line":124,"column":12},"end":{"line":124,"column":54},"skip":true},"36":{"start":{"line":125,"column":12},"end":{"line":140,"column":14},"skip":true},"37":{"start":{"line":126,"column":16},"end":{"line":126,"column":28},"skip":true},"38":{"start":{"line":127,"column":16},"end":{"line":127,"column":69},"skip":true},"39":{"start":{"line":128,"column":16},"end":{"line":128,"column":75},"skip":true},"40":{"start":{"line":129,"column":16},"end":{"line":131,"column":17},"skip":true},"41":{"start":{"line":130,"column":20},"end":{"line":130,"column":27},"skip":true},"42":{"start":{"line":133,"column":16},"end":{"line":137,"column":36},"skip":true},"43":{"start":{"line":134,"column":20},"end":{"line":136,"column":55},"skip":true},"44":{"start":{"line":139,"column":16},"end":{"line":139,"column":57},"skip":true},"45":{"start":{"line":143,"column":8},"end":{"line":147,"column":11},"skip":true},"46":{"start":{"line":144,"column":12},"end":{"line":146,"column":15},"skip":true},"47":{"start":{"line":145,"column":16},"end":{"line":145,"column":70},"skip":true},"48":{"start":{"line":149,"column":8},"end":{"line":149,"column":31},"skip":true},"49":{"start":{"line":150,"column":8},"end":{"line":150,"column":14},"skip":true},"50":{"start":{"line":158,"column":8},"end":{"line":158,"column":31},"skip":true},"51":{"start":{"line":160,"column":8},"end":{"line":160,"column":33},"skip":true},"52":{"start":{"line":161,"column":8},"end":{"line":161,"column":37},"skip":true},"53":{"start":{"line":162,"column":8},"end":{"line":162,"column":35},"skip":true},"54":{"start":{"line":164,"column":8},"end":{"line":164,"column":50},"skip":true},"55":{"start":{"line":166,"column":8},"end":{"line":256,"column":2},"skip":true},"56":{"start":{"line":258,"column":8},"end":{"line":286,"column":9},"skip":true},"57":{"start":{"line":259,"column":12},"end":{"line":269,"column":14},"skip":true},"58":{"start":{"line":271,"column":12},"end":{"line":285,"column":19},"skip":true},"59":{"start":{"line":274,"column":20},"end":{"line":274,"column":35},"skip":true},"60":{"start":{"line":275,"column":20},"end":{"line":284,"column":21},"skip":true},"61":{"start":{"line":277,"column":24},"end":{"line":277,"column":64},"skip":true},"62":{"start":{"line":279,"column":24},"end":{"line":279,"column":40},"skip":true},"63":{"start":{"line":281,"column":24},"end":{"line":281,"column":40},"skip":true},"64":{"start":{"line":283,"column":24},"end":{"line":283,"column":39},"skip":true},"65":{"start":{"line":288,"column":8},"end":{"line":290,"column":9},"skip":true},"66":{"start":{"line":289,"column":12},"end":{"line":289,"column":18},"skip":true},"67":{"start":{"line":291,"column":8},"end":{"line":293,"column":54},"skip":true},"68":{"start":{"line":296,"column":8},"end":{"line":301,"column":37},"skip":true},"69":{"start":{"line":303,"column":8},"end":{"line":303,"column":82},"skip":true},"70":{"start":{"line":306,"column":8},"end":{"line":308,"column":9},"skip":true},"71":{"start":{"line":307,"column":12},"end":{"line":307,"column":82},"skip":true},"72":{"start":{"line":310,"column":8},"end":{"line":312,"column":9},"skip":true},"73":{"start":{"line":311,"column":12},"end":{"line":311,"column":18},"skip":true},"74":{"start":{"line":313,"column":8},"end":{"line":313,"column":54},"skip":true},"75":{"start":{"line":314,"column":8},"end":{"line":314,"column":69},"skip":true},"76":{"start":{"line":315,"column":8},"end":{"line":323,"column":36},"skip":true},"77":{"start":{"line":316,"column":12},"end":{"line":316,"column":61},"skip":true},"78":{"start":{"line":317,"column":12},"end":{"line":320,"column":13},"skip":true},"79":{"start":{"line":318,"column":16},"end":{"line":318,"column":75},"skip":true},"80":{"start":{"line":319,"column":16},"end":{"line":319,"column":23},"skip":true},"81":{"start":{"line":321,"column":12},"end":{"line":321,"column":38},"skip":true},"82":{"start":{"line":322,"column":12},"end":{"line":322,"column":27},"skip":true},"83":{"start":{"line":324,"column":8},"end":{"line":324,"column":14},"skip":true}},"branchMap":{"1":{"line":39,"type":"binary-expr","locations":[{"start":{"line":39,"column":23},"end":{"line":39,"column":62}},{"start":{"line":40,"column":20},"end":{"line":40,"column":70}},{"start":{"line":41,"column":20},"end":{"line":41,"column":71}},{"start":{"line":42,"column":20},"end":{"line":42,"column":29}}]},"2":{"line":44,"type":"binary-expr","locations":[{"start":{"line":44,"column":23},"end":{"line":44,"column":37}},{"start":{"line":45,"column":20},"end":{"line":45,"column":61}},{"start":{"line":46,"column":20},"end":{"line":46,"column":70}},{"start":{"line":47,"column":20},"end":{"line":47,"column":26}}]},"3":{"line":51,"type":"cond-expr","locations":[{"start":{"line":52,"column":14},"end":{"line":52,"column":20}},{"start":{"line":53,"column":14},"end":{"line":53,"column":20}}]},"4":{"line":55,"type":"binary-expr","locations":[{"start":{"line":55,"column":16},"end":{"line":55,"column":44}},{"start":{"line":55,"column":49},"end":{"line":57,"column":43}}]},"5":{"line":55,"type":"cond-expr","locations":[{"start":{"line":56,"column":14},"end":{"line":56,"column":58}},{"start":{"line":57,"column":14},"end":{"line":57,"column":43}}]},"6":{"line":61,"type":"switch","locations":[{"start":{"line":68,"column":4},"end":{"line":150,"column":14},"skip":true},{"start":{"line":156,"column":4},"end":{"line":324,"column":14},"skip":true}]},"7":{"line":70,"type":"if","locations":[{"start":{"line":70,"column":12},"end":{"line":70,"column":12},"skip":true},{"start":{"line":70,"column":12},"end":{"line":70,"column":12},"skip":true}]},"8":{"line":70,"type":"binary-expr","locations":[{"start":{"line":70,"column":16},"end":{"line":70,"column":22},"skip":true},{"start":{"line":70,"column":27},"end":{"line":70,"column":32},"skip":true},{"start":{"line":71,"column":20},"end":{"line":71,"column":39},"skip":true},{"start":{"line":72,"column":20},"end":{"line":72,"column":49},"skip":true},{"start":{"line":73,"column":20},"end":{"line":73,"column":58},"skip":true},{"start":{"line":74,"column":20},"end":{"line":74,"column":69},"skip":true}]},"9":{"line":79,"type":"switch","locations":[{"start":{"line":80,"column":20},"end":{"line":80,"column":33},"skip":true},{"start":{"line":81,"column":20},"end":{"line":83,"column":30},"skip":true},{"start":{"line":84,"column":20},"end":{"line":85,"column":49},"skip":true}]},"10":{"line":89,"type":"switch","locations":[{"start":{"line":90,"column":12},"end":{"line":103,"column":22},"skip":true},{"start":{"line":105,"column":12},"end":{"line":106,"column":22},"skip":true}]},"11":{"line":89,"type":"binary-expr","locations":[{"start":{"line":89,"column":20},"end":{"line":89,"column":25},"skip":true},{"start":{"line":89,"column":29},"end":{"line":89,"column":48},"skip":true},{"start":{"line":89,"column":52},"end":{"line":89,"column":74},"skip":true}]},"12":{"line":92,"type":"if","locations":[{"start":{"line":92,"column":16},"end":{"line":92,"column":16},"skip":true},{"start":{"line":92,"column":16},"end":{"line":92,"column":16},"skip":true}]},"13":{"line":108,"type":"if","locations":[{"start":{"line":108,"column":12},"end":{"line":108,"column":12},"skip":true},{"start":{"line":108,"column":12},"end":{"line":108,"column":12},"skip":true}]},"14":{"line":108,"type":"binary-expr","locations":[{"start":{"line":108,"column":16},"end":{"line":108,"column":61},"skip":true},{"start":{"line":108,"column":66},"end":{"line":108,"column":72},"skip":true},{"start":{"line":108,"column":77},"end":{"line":108,"column":82},"skip":true},{"start":{"line":109,"column":20},"end":{"line":109,"column":39},"skip":true},{"start":{"line":110,"column":20},"end":{"line":110,"column":49},"skip":true},{"start":{"line":111,"column":20},"end":{"line":111,"column":58},"skip":true},{"start":{"line":112,"column":20},"end":{"line":112,"column":68},"skip":true}]},"15":{"line":129,"type":"if","locations":[{"start":{"line":129,"column":16},"end":{"line":129,"column":16},"skip":true},{"start":{"line":129,"column":16},"end":{"line":129,"column":16},"skip":true}]},"16":{"line":134,"type":"cond-expr","locations":[{"start":{"line":135,"column":26},"end":{"line":135,"column":29},"skip":true},{"start":{"line":136,"column":26},"end":{"line":136,"column":54},"skip":true}]},"17":{"line":164,"type":"binary-expr","locations":[{"start":{"line":164,"column":27},"end":{"line":164,"column":43},"skip":true},{"start":{"line":164,"column":47},"end":{"line":164,"column":49},"skip":true}]},"18":{"line":258,"type":"if","locations":[{"start":{"line":258,"column":8},"end":{"line":258,"column":8},"skip":true},{"start":{"line":258,"column":8},"end":{"line":258,"column":8},"skip":true}]},"19":{"line":275,"type":"switch","locations":[{"start":{"line":276,"column":20},"end":{"line":277,"column":64},"skip":true},{"start":{"line":278,"column":20},"end":{"line":279,"column":40},"skip":true},{"start":{"line":280,"column":20},"end":{"line":281,"column":40},"skip":true},{"start":{"line":282,"column":20},"end":{"line":283,"column":39},"skip":true}]},"20":{"line":288,"type":"if","locations":[{"start":{"line":288,"column":8},"end":{"line":288,"column":8},"skip":true},{"start":{"line":288,"column":8},"end":{"line":288,"column":8},"skip":true}]},"21":{"line":288,"type":"binary-expr","locations":[{"start":{"line":288,"column":12},"end":{"line":288,"column":40},"skip":true},{"start":{"line":288,"column":44},"end":{"line":288,"column":67},"skip":true}]},"22":{"line":292,"type":"binary-expr","locations":[{"start":{"line":292,"column":12},"end":{"line":292,"column":50},"skip":true},{"start":{"line":293,"column":12},"end":{"line":293,"column":53},"skip":true}]},"23":{"line":297,"type":"binary-expr","locations":[{"start":{"line":297,"column":12},"end":{"line":297,"column":72},"skip":true},{"start":{"line":298,"column":12},"end":{"line":301,"column":36},"skip":true}]},"24":{"line":303,"type":"binary-expr","locations":[{"start":{"line":303,"column":43},"end":{"line":303,"column":75},"skip":true},{"start":{"line":303,"column":79},"end":{"line":303,"column":81},"skip":true}]},"25":{"line":306,"type":"if","locations":[{"start":{"line":306,"column":8},"end":{"line":306,"column":8},"skip":true},{"start":{"line":306,"column":8},"end":{"line":306,"column":8},"skip":true}]},"26":{"line":310,"type":"if","locations":[{"start":{"line":310,"column":8},"end":{"line":310,"column":8},"skip":true},{"start":{"line":310,"column":8},"end":{"line":310,"column":8},"skip":true}]},"27":{"line":313,"type":"binary-expr","locations":[{"start":{"line":313,"column":27},"end":{"line":313,"column":43},"skip":true},{"start":{"line":313,"column":47},"end":{"line":313,"column":53},"skip":true}]},"28":{"line":317,"type":"if","locations":[{"start":{"line":317,"column":12},"end":{"line":317,"column":12},"skip":true},{"start":{"line":317,"column":12},"end":{"line":317,"column":12},"skip":true}]}},"code":["/*","example.js","","quickstart example","","instruction","    1. save this script as example.js","    2. run the shell command:","        $ npm install npmtest-karma-coverage && PORT=8081 node example.js","    3. play with the browser-demo on http://127.0.0.1:8081","*/","","","","/* istanbul instrument in package npmtest_karma_coverage */","/*jslint","    bitwise: true,","    browser: true,","    maxerr: 8,","    maxlen: 96,","    node: true,","    nomen: true,","    regexp: true,","    stupid: true","*/","(function () {","    'use strict';","    var local;","","","","    // run shared js-env code - pre-init","    (function () {","        // init local","        local = {};","        // init modeJs","        local.modeJs = (function () {","            try {","                return typeof navigator.userAgent === 'string' &&","                    typeof document.querySelector('body') === 'object' &&","                    typeof XMLHttpRequest.prototype.open === 'function' &&","                    'browser';","            } catch (errorCaughtBrowser) {","                return module.exports &&","                    typeof process.versions.node === 'string' &&","                    typeof require('http').createServer === 'function' &&","                    'node';","            }","        }());","        // init global","        local.global = local.modeJs === 'browser'","            ? window","            : global;","        // init utility2_rollup","        local = local.global.utility2_rollup || (local.modeJs === 'browser'","            ? local.global.utility2_npmtest_karma_coverage","            : global.utility2_moduleExports);","        // export local","        local.global.local = local;","    }());","    switch (local.modeJs) {","","","","    // post-init","    // run browser js-env code - post-init","    /* istanbul ignore next */","    case 'browser':","        local.testRunBrowser = function (event) {","            if (!event || (event &&","                    event.currentTarget &&","                    event.currentTarget.className &&","                    event.currentTarget.className.includes &&","                    event.currentTarget.className.includes('onreset'))) {","                // reset output","                Array.from(","                    document.querySelectorAll('body > .resettable')","                ).forEach(function (element) {","                    switch (element.tagName) {","                    case 'INPUT':","                    case 'TEXTAREA':","                        element.value = '';","                        break;","                    default:","                        element.textContent = '';","                    }","                });","            }","            switch (event && event.currentTarget && event.currentTarget.id) {","            case 'testRunButton1':","                // show tests","                if (document.querySelector('#testReportDiv1').style.display === 'none') {","                    document.querySelector('#testReportDiv1').style.display = 'block';","                    document.querySelector('#testRunButton1').textContent =","                        'hide internal test';","                    local.modeTest = true;","                    local.testRunDefault(local);","                // hide tests","                } else {","                    document.querySelector('#testReportDiv1').style.display = 'none';","                    document.querySelector('#testRunButton1').textContent = 'run internal test';","                }","                break;","            // custom-case","            default:","                break;","            }","            if (document.querySelector('#inputTextareaEval1') && (!event || (event &&","                    event.currentTarget &&","                    event.currentTarget.className &&","                    event.currentTarget.className.includes &&","                    event.currentTarget.className.includes('oneval')))) {","                // try to eval input-code","                try {","                    /*jslint evil: true*/","                    eval(document.querySelector('#inputTextareaEval1').value);","                } catch (errorCaught) {","                    console.error(errorCaught);","                }","            }","        };","        // log stderr and stdout to #outputTextareaStdout1","        ['error', 'log'].forEach(function (key) {","            console[key + '_original'] = console[key];","            console[key] = function () {","                var element;","                console[key + '_original'].apply(console, arguments);","                element = document.querySelector('#outputTextareaStdout1');","                if (!element) {","                    return;","                }","                // append text to #outputTextareaStdout1","                element.value += Array.from(arguments).map(function (arg) {","                    return typeof arg === 'string'","                        ? arg","                        : JSON.stringify(arg, null, 4);","                }).join(' ') + '\\n';","                // scroll textarea to bottom","                element.scrollTop = element.scrollHeight;","            };","        });","        // init event-handling","        ['change', 'click', 'keyup'].forEach(function (event) {","            Array.from(document.querySelectorAll('.on' + event)).forEach(function (element) {","                element.addEventListener(event, local.testRunBrowser);","            });","        });","        // run tests","        local.testRunBrowser();","        break;","","","","    // run node js-env code - post-init","    /* istanbul ignore next */","    case 'node':","        // export local","        module.exports = local;","        // require modules","        local.fs = require('fs');","        local.http = require('http');","        local.url = require('url');","        // init assets","        local.assetsDict = local.assetsDict || {};","        /* jslint-ignore-begin */","        local.assetsDict['/assets.index.template.html'] = '\\","<!doctype html>\\n\\","<html lang=\"en\">\\n\\","<head>\\n\\","<meta charset=\"UTF-8\">\\n\\","<meta name=\"viewport\" content=\"width=device-width, initial-scale=1\">\\n\\","<title>{{env.npm_package_name}} (v{{env.npm_package_version}})</title>\\n\\","<style>\\n\\","/*csslint\\n\\","    box-sizing: false,\\n\\","    universal-selector: false\\n\\","*/\\n\\","* {\\n\\","    box-sizing: border-box;\\n\\","}\\n\\","body {\\n\\","    background: #dde;\\n\\","    font-family: Arial, Helvetica, sans-serif;\\n\\","    margin: 2rem;\\n\\","}\\n\\","body > * {\\n\\","    margin-bottom: 1rem;\\n\\","}\\n\\",".utility2FooterDiv {\\n\\","    margin-top: 20px;\\n\\","    text-align: center;\\n\\","}\\n\\","</style>\\n\\","<style>\\n\\","/*csslint\\n\\","*/\\n\\","textarea {\\n\\","    font-family: monospace;\\n\\","    height: 10rem;\\n\\","    width: 100%;\\n\\","}\\n\\","textarea[readonly] {\\n\\","    background: #ddd;\\n\\","}\\n\\","</style>\\n\\","</head>\\n\\","<body>\\n\\","<!-- utility2-comment\\n\\","<div id=\"ajaxProgressDiv1\" style=\"background: #d00; height: 2px; left: 0; margin: 0; padding: 0; position: fixed; top: 0; transition: background 0.5s, width 1.5s; width: 25%;\"></div>\\n\\","utility2-comment -->\\n\\","<h1>\\n\\","<!-- utility2-comment\\n\\","    <a\\n\\","        {{#if env.npm_package_homepage}}\\n\\","        href=\"{{env.npm_package_homepage}}\"\\n\\","        {{/if env.npm_package_homepage}}\\n\\","        target=\"_blank\"\\n\\","    >\\n\\","utility2-comment -->\\n\\","        {{env.npm_package_name}} (v{{env.npm_package_version}})\\n\\","<!-- utility2-comment\\n\\","    </a>\\n\\","utility2-comment -->\\n\\","</h1>\\n\\","<h3>{{env.npm_package_description}}</h3>\\n\\","<!-- utility2-comment\\n\\","<h4><a download href=\"assets.app.js\">download standalone app</a></h4>\\n\\","<button class=\"onclick onreset\" id=\"testRunButton1\">run internal test</button><br>\\n\\","<div id=\"testReportDiv1\" style=\"display: none;\"></div>\\n\\","utility2-comment -->\\n\\","\\n\\","\\n\\","\\n\\","<label>stderr and stdout</label>\\n\\","<textarea class=\"resettable\" id=\"outputTextareaStdout1\" readonly></textarea>\\n\\","<!-- utility2-comment\\n\\","{{#if isRollup}}\\n\\","<script src=\"assets.app.js\"></script>\\n\\","{{#unless isRollup}}\\n\\","utility2-comment -->\\n\\","<script src=\"assets.utility2.rollup.js\"></script>\\n\\","<script src=\"jsonp.utility2._stateInit?callback=window.utility2._stateInit\"></script>\\n\\","<script src=\"assets.npmtest_karma_coverage.rollup.js\"></script>\\n\\","<script src=\"assets.example.js\"></script>\\n\\","<script src=\"assets.test.js\"></script>\\n\\","<!-- utility2-comment\\n\\","{{/if isRollup}}\\n\\","utility2-comment -->\\n\\","<div class=\"utility2FooterDiv\">\\n\\","    [ this app was created with\\n\\","    <a href=\"https://github.com/kaizhu256/node-utility2\" target=\"_blank\">utility2</a>\\n\\","    ]\\n\\","</div>\\n\\","</body>\\n\\","</html>\\n\\","';","        /* jslint-ignore-end */","        if (local.templateRender) {","            local.assetsDict['/'] = local.templateRender(","                local.assetsDict['/assets.index.template.html'],","                {","                    env: local.objectSetDefault(local.env, {","                        npm_package_description: 'the greatest app in the world!',","                        npm_package_name: 'my-app',","                        npm_package_nameAlias: 'my_app',","                        npm_package_version: '0.0.1'","                    })","                }","            );","        } else {","            local.assetsDict['/'] = local.assetsDict['/assets.index.template.html']","                .replace((/\\{\\{env\\.(\\w+?)\\}\\}/g), function (match0, match1) {","                    // jslint-hack","                    String(match0);","                    switch (match1) {","                    case 'npm_package_description':","                        return 'the greatest app in the world!';","                    case 'npm_package_name':","                        return 'my-app';","                    case 'npm_package_nameAlias':","                        return 'my_app';","                    case 'npm_package_version':","                        return '0.0.1';","                    }","                });","        }","        // run the cli","        if (local.global.utility2_rollup || module !== require.main) {","            break;","        }","        local.assetsDict['/assets.example.js'] =","            local.assetsDict['/assets.example.js'] ||","            local.fs.readFileSync(__filename, 'utf8');","        // bug-workaround - long $npm_package_buildCustomOrg","        /* jslint-ignore-begin */","        local.assetsDict['/assets.npmtest_karma_coverage.rollup.js'] =","            local.assetsDict['/assets.npmtest_karma_coverage.rollup.js'] ||","            local.fs.readFileSync(","                local.npmtest_karma_coverage.__dirname + '/lib.npmtest_karma_coverage.js',","                'utf8'","            ).replace((/^#!/), '//');","        /* jslint-ignore-end */","        local.assetsDict['/favicon.ico'] = local.assetsDict['/favicon.ico'] || '';","        // if $npm_config_timeout_exit exists,","        // then exit this process after $npm_config_timeout_exit ms","        if (Number(process.env.npm_config_timeout_exit)) {","            setTimeout(process.exit, Number(process.env.npm_config_timeout_exit));","        }","        // start server","        if (local.global.utility2_serverHttp1) {","            break;","        }","        process.env.PORT = process.env.PORT || '8081';","        console.error('server starting on port ' + process.env.PORT);","        local.http.createServer(function (request, response) {","            request.urlParsed = local.url.parse(request.url);","            if (local.assetsDict[request.urlParsed.pathname] !== undefined) {","                response.end(local.assetsDict[request.urlParsed.pathname]);","                return;","            }","            response.statusCode = 404;","            response.end();","        }).listen(process.env.PORT);","        break;","    }","}());",""],"l":{"26":2,"28":2,"33":2,"35":2,"37":2,"38":2,"39":2,"44":1,"51":2,"55":2,"59":2,"61":2,"69":1,"70":2,"76":2,"79":2,"82":2,"83":2,"85":1,"89":2,"92":1,"93":1,"94":1,"96":1,"97":1,"100":1,"101":1,"103":1,"106":1,"108":2,"114":1,"116":1,"118":1,"123":1,"124":2,"125":2,"126":3,"127":3,"128":3,"129":3,"130":1,"133":3,"134":3,"139":3,"143":1,"144":3,"145":1,"149":1,"150":1,"158":1,"160":1,"161":1,"162":1,"164":1,"166":1,"258":1,"259":1,"271":1,"274":6,"275":6,"277":1,"279":2,"281":1,"283":2,"288":1,"289":1,"291":1,"296":1,"303":1,"306":1,"307":1,"310":1,"311":1,"313":1,"314":1,"315":1,"316":1,"317":1,"318":1,"319":1,"321":1,"322":1,"324":1}},"/home/travis/build/npmtest/node-npmtest-karma-coverage/node_modules/karma-coverage/lib/index.js":{"path":"/home/travis/build/npmtest/node-npmtest-karma-coverage/node_modules/karma-coverage/lib/index.js","s":{"1":1,"2":1},"b":{},"f":{},"fnMap":{},"statementMap":{"1":{"start":{"line":8,"column":0},"end":{"line":8,"column":66}},"2":{"start":{"line":10,"column":0},"end":{"line":13,"column":1}}},"branchMap":{},"code":["// karma-coverage","// ==============","//","// Main entry point for the karma-coverage module.","// Exposes the preprocessor and reporter plugins.","","// Registering one additional (karma specific) reporter: in-memory","require('istanbul').Report.register(require('./in-memory-report'))","","module.exports = {","  'preprocessor:coverage': ['factory', require('./preprocessor')],","  'reporter:coverage': ['type', require('./reporter')]","}",""],"l":{"8":1,"10":1}},"/home/travis/build/npmtest/node-npmtest-karma-coverage/node_modules/karma-coverage/lib/in-memory-report.js":{"path":"/home/travis/build/npmtest/node-npmtest-karma-coverage/node_modules/karma-coverage/lib/in-memory-report.js","s":{"1":1,"2":1,"3":1,"4":0,"5":1,"6":1,"7":0,"8":0,"9":0,"10":1,"11":1},"b":{"1":[0,0],"2":[0,0]},"f":{"1":0,"2":0},"fnMap":{"1":{"name":"InMemoryReport","line":4,"loc":{"start":{"line":4,"column":0},"end":{"line":4,"column":30}}},"2":{"name":"(anonymous_2)","line":10,"loc":{"start":{"line":10,"column":39},"end":{"line":10,"column":66}}}},"statementMap":{"1":{"start":{"line":1,"column":0},"end":{"line":1,"column":39}},"2":{"start":{"line":2,"column":0},"end":{"line":2,"column":26}},"3":{"start":{"line":4,"column":0},"end":{"line":6,"column":1}},"4":{"start":{"line":5,"column":2},"end":{"line":5,"column":16}},"5":{"start":{"line":8,"column":0},"end":{"line":8,"column":37}},"6":{"start":{"line":10,"column":0},"end":{"line":16,"column":1}},"7":{"start":{"line":11,"column":2},"end":{"line":15,"column":3}},"8":{"start":{"line":12,"column":4},"end":{"line":12,"column":145}},"9":{"start":{"line":14,"column":4},"end":{"line":14,"column":94}},"10":{"start":{"line":18,"column":0},"end":{"line":18,"column":33}},"11":{"start":{"line":20,"column":0},"end":{"line":20,"column":31}}},"branchMap":{"1":{"line":11,"type":"if","locations":[{"start":{"line":11,"column":2},"end":{"line":11,"column":2}},{"start":{"line":11,"column":2},"end":{"line":11,"column":2}}]},"2":{"line":11,"type":"binary-expr","locations":[{"start":{"line":11,"column":6},"end":{"line":11,"column":23}},{"start":{"line":11,"column":27},"end":{"line":11,"column":49}}]}},"code":["var Report = require('istanbul').Report","var util = require('util')","","function InMemoryReport (opt) {","  this.opt = opt","}","","util.inherits(InMemoryReport, Report)","","InMemoryReport.prototype.writeReport = function (collector, sync) {","  if (!this.opt.emitter || !this.opt.emitter.emit) {","    console.error('Could not raise \"coverage_complete\" event, missing emitter because it was not supplied during initialization of the reporter')","  } else {","    this.opt.emitter.emit('coverage_complete', this.opt.browser, collector.getFinalCoverage())","  }","}","","InMemoryReport.TYPE = 'in-memory'","","module.exports = InMemoryReport",""],"l":{"1":1,"2":1,"4":1,"5":0,"8":1,"10":1,"11":0,"12":0,"14":0,"18":1,"20":1}},"/home/travis/build/npmtest/node-npmtest-karma-coverage/node_modules/karma-coverage/lib/preprocessor.js":{"path":"/home/travis/build/npmtest/node-npmtest-karma-coverage/node_modules/karma-coverage/lib/preprocessor.js","s":{"1":1,"2":1,"3":1,"4":1,"5":1,"6":1,"7":1,"8":1,"9":1,"10":1,"11":1,"12":0,"13":0,"14":0,"15":0,"16":0,"17":0,"18":0,"19":0,"20":0,"21":0,"22":0,"23":0,"24":0,"25":0,"26":0,"27":0,"28":0,"29":0,"30":0,"31":1,"32":0,"33":0,"34":0,"35":0,"36":0,"37":0,"38":0,"39":0,"40":0,"41":0,"42":0,"43":0,"44":0,"45":0,"46":0,"47":0,"48":0,"49":0,"50":0,"51":0,"52":0,"53":0,"54":0,"55":0,"56":0,"57":0,"58":0,"59":0,"60":0,"61":0,"62":0,"63":0,"64":0,"65":0,"66":0,"67":0,"68":0,"69":0,"70":0,"71":0,"72":0,"73":0,"74":0,"75":0,"76":0,"77":1,"78":1},"b":{"1":[0,0],"2":[0,0],"3":[0,0],"4":[0,0],"5":[0,0],"6":[0,0],"7":[0,0],"8":[0,0],"9":[0,0],"10":[0,0],"11":[0,0],"12":[0,0],"13":[0,0],"14":[0,0],"15":[0,0],"16":[0,0],"17":[0,0]},"f":{"1":0,"2":0,"3":0,"4":0,"5":0,"6":0,"7":0,"8":0,"9":0},"fnMap":{"1":{"name":"createCoveragePreprocessor","line":25,"loc":{"start":{"line":25,"column":0},"end":{"line":25,"column":92}}},"2":{"name":"getInstumenterOptions","line":45,"loc":{"start":{"line":45,"column":53},"end":{"line":45,"column":109}}},"3":{"name":"(anonymous_3)","line":57,"loc":{"start":{"line":57,"column":11},"end":{"line":57,"column":39}}},"4":{"name":"checkInstrumenters","line":63,"loc":{"start":{"line":63,"column":2},"end":{"line":63,"column":33}}},"5":{"name":"(anonymous_5)","line":64,"loc":{"start":{"line":64,"column":43},"end":{"line":64,"column":76}}},"6":{"name":"(anonymous_6)","line":74,"loc":{"start":{"line":74,"column":11},"end":{"line":74,"column":39}}},"7":{"name":"(anonymous_7)","line":79,"loc":{"start":{"line":79,"column":9},"end":{"line":79,"column":40}}},"8":{"name":"(anonymous_8)","line":86,"loc":{"start":{"line":86,"column":37},"end":{"line":86,"column":65}}},"9":{"name":"(anonymous_9)","line":112,"loc":{"start":{"line":112,"column":45},"end":{"line":112,"column":78}}}},"statementMap":{"1":{"start":{"line":9,"column":0},"end":{"line":9,"column":34}},"2":{"start":{"line":10,"column":0},"end":{"line":10,"column":36}},"3":{"start":{"line":11,"column":0},"end":{"line":11,"column":26}},"4":{"start":{"line":12,"column":0},"end":{"line":12,"column":25}},"5":{"start":{"line":13,"column":0},"end":{"line":13,"column":63}},"6":{"start":{"line":14,"column":0},"end":{"line":14,"column":65}},"7":{"start":{"line":15,"column":0},"end":{"line":15,"column":49}},"8":{"start":{"line":16,"column":0},"end":{"line":16,"column":36}},"9":{"start":{"line":17,"column":0},"end":{"line":17,"column":43}},"10":{"start":{"line":22,"column":0},"end":{"line":22,"column":78}},"11":{"start":{"line":25,"column":0},"end":{"line":151,"column":1}},"12":{"start":{"line":26,"column":2},"end":{"line":26,"column":50}},"13":{"start":{"line":31,"column":2},"end":{"line":31,"column":32}},"14":{"start":{"line":32,"column":2},"end":{"line":32,"column":42}},"15":{"start":{"line":33,"column":2},"end":{"line":33,"column":31}},"16":{"start":{"line":34,"column":2},"end":{"line":34,"column":43}},"17":{"start":{"line":36,"column":2},"end":{"line":41,"column":3}},"18":{"start":{"line":37,"column":4},"end":{"line":37,"column":57}},"19":{"start":{"line":38,"column":4},"end":{"line":38,"column":80}},"20":{"start":{"line":39,"column":4},"end":{"line":39,"column":67}},"21":{"start":{"line":40,"column":4},"end":{"line":40,"column":91}},"22":{"start":{"line":43,"column":2},"end":{"line":43,"column":51}},"23":{"start":{"line":45,"column":2},"end":{"line":53,"column":8}},"24":{"start":{"line":46,"column":4},"end":{"line":46,"column":19}},"25":{"start":{"line":48,"column":4},"end":{"line":50,"column":5}},"26":{"start":{"line":49,"column":6},"end":{"line":49,"column":61}},"27":{"start":{"line":52,"column":4},"end":{"line":52,"column":15}},"28":{"start":{"line":56,"column":2},"end":{"line":60,"column":3}},"29":{"start":{"line":57,"column":4},"end":{"line":59,"column":5}},"30":{"start":{"line":58,"column":6},"end":{"line":58,"column":19}},"31":{"start":{"line":63,"column":2},"end":{"line":71,"column":3}},"32":{"start":{"line":64,"column":4},"end":{"line":70,"column":12}},"33":{"start":{"line":65,"column":6},"end":{"line":68,"column":7}},"34":{"start":{"line":66,"column":8},"end":{"line":66,"column":54}},"35":{"start":{"line":67,"column":8},"end":{"line":67,"column":20}},"36":{"start":{"line":69,"column":6},"end":{"line":69,"column":16}},"37":{"start":{"line":73,"column":2},"end":{"line":77,"column":3}},"38":{"start":{"line":74,"column":4},"end":{"line":76,"column":5}},"39":{"start":{"line":75,"column":6},"end":{"line":75,"column":20}},"40":{"start":{"line":79,"column":2},"end":{"line":150,"column":3}},"41":{"start":{"line":80,"column":4},"end":{"line":80,"column":52}},"42":{"start":{"line":82,"column":4},"end":{"line":82,"column":48}},"43":{"start":{"line":84,"column":4},"end":{"line":84,"column":40}},"44":{"start":{"line":86,"column":4},"end":{"line":90,"column":6}},"45":{"start":{"line":87,"column":6},"end":{"line":89,"column":7}},"46":{"start":{"line":88,"column":8},"end":{"line":88,"column":45}},"47":{"start":{"line":92,"column":4},"end":{"line":92,"column":81}},"48":{"start":{"line":93,"column":4},"end":{"line":93,"column":74}},"49":{"start":{"line":94,"column":4},"end":{"line":94,"column":36}},"50":{"start":{"line":96,"column":4},"end":{"line":106,"column":5}},"51":{"start":{"line":97,"column":6},"end":{"line":97,"column":78}},"52":{"start":{"line":98,"column":6},"end":{"line":105,"column":54}},"53":{"start":{"line":108,"column":4},"end":{"line":108,"column":46}},"54":{"start":{"line":109,"column":4},"end":{"line":109,"column":77}},"55":{"start":{"line":111,"column":4},"end":{"line":111,"column":59}},"56":{"start":{"line":112,"column":4},"end":{"line":149,"column":6}},"57":{"start":{"line":113,"column":6},"end":{"line":148,"column":7}},"58":{"start":{"line":114,"column":8},"end":{"line":114,"column":64}},"59":{"start":{"line":115,"column":8},"end":{"line":115,"column":25}},"60":{"start":{"line":117,"column":8},"end":{"line":124,"column":9}},"61":{"start":{"line":118,"column":10},"end":{"line":118,"column":90}},"62":{"start":{"line":119,"column":10},"end":{"line":119,"column":122}},"63":{"start":{"line":120,"column":10},"end":{"line":120,"column":73}},"64":{"start":{"line":121,"column":10},"end":{"line":121,"column":59}},"65":{"start":{"line":122,"column":10},"end":{"line":122,"column":98}},"66":{"start":{"line":123,"column":10},"end":{"line":123,"column":98}},"67":{"start":{"line":127,"column":8},"end":{"line":127,"column":37}},"68":{"start":{"line":129,"column":8},"end":{"line":140,"column":9}},"69":{"start":{"line":131,"column":10},"end":{"line":131,"column":40}},"70":{"start":{"line":133,"column":10},"end":{"line":133,"column":72}},"71":{"start":{"line":135,"column":10},"end":{"line":139,"column":11}},"72":{"start":{"line":136,"column":12},"end":{"line":136,"column":61}},"73":{"start":{"line":138,"column":12},"end":{"line":138,"column":40}},"74":{"start":{"line":143,"column":8},"end":{"line":145,"column":9}},"75":{"start":{"line":144,"column":10},"end":{"line":144,"column":59}},"76":{"start":{"line":147,"column":8},"end":{"line":147,"column":30}},"77":{"start":{"line":153,"column":0},"end":{"line":159,"column":1}},"78":{"start":{"line":161,"column":0},"end":{"line":161,"column":43}}},"branchMap":{"1":{"line":36,"type":"if","locations":[{"start":{"line":36,"column":2},"end":{"line":36,"column":2}},{"start":{"line":36,"column":2},"end":{"line":36,"column":2}}]},"2":{"line":48,"type":"if","locations":[{"start":{"line":48,"column":4},"end":{"line":48,"column":4}},{"start":{"line":48,"column":4},"end":{"line":48,"column":4}}]},"3":{"line":48,"type":"binary-expr","locations":[{"start":{"line":48,"column":8},"end":{"line":48,"column":24}},{"start":{"line":48,"column":28},"end":{"line":48,"column":64}}]},"4":{"line":56,"type":"if","locations":[{"start":{"line":56,"column":2},"end":{"line":56,"column":2}},{"start":{"line":56,"column":2},"end":{"line":56,"column":2}}]},"5":{"line":65,"type":"if","locations":[{"start":{"line":65,"column":6},"end":{"line":65,"column":6}},{"start":{"line":65,"column":6},"end":{"line":65,"column":6}}]},"6":{"line":73,"type":"if","locations":[{"start":{"line":73,"column":2},"end":{"line":73,"column":2}},{"start":{"line":73,"column":2},"end":{"line":73,"column":2}}]},"7":{"line":87,"type":"if","locations":[{"start":{"line":87,"column":6},"end":{"line":87,"column":6}},{"start":{"line":87,"column":6},"end":{"line":87,"column":6}}]},"8":{"line":93,"type":"binary-expr","locations":[{"start":{"line":93,"column":27},"end":{"line":93,"column":68}},{"start":{"line":93,"column":72},"end":{"line":93,"column":74}}]},"9":{"line":96,"type":"if","locations":[{"start":{"line":96,"column":4},"end":{"line":96,"column":4}},{"start":{"line":96,"column":4},"end":{"line":96,"column":4}}]},"10":{"line":105,"type":"binary-expr","locations":[{"start":{"line":105,"column":9},"end":{"line":105,"column":47}},{"start":{"line":105,"column":51},"end":{"line":105,"column":53}}]},"11":{"line":113,"type":"if","locations":[{"start":{"line":113,"column":6},"end":{"line":113,"column":6}},{"start":{"line":113,"column":6},"end":{"line":113,"column":6}}]},"12":{"line":117,"type":"if","locations":[{"start":{"line":117,"column":8},"end":{"line":117,"column":8}},{"start":{"line":117,"column":8},"end":{"line":117,"column":8}}]},"13":{"line":117,"type":"binary-expr","locations":[{"start":{"line":117,"column":12},"end":{"line":117,"column":26}},{"start":{"line":117,"column":30},"end":{"line":117,"column":58}}]},"14":{"line":129,"type":"if","locations":[{"start":{"line":129,"column":8},"end":{"line":129,"column":8}},{"start":{"line":129,"column":8},"end":{"line":129,"column":8}}]},"15":{"line":135,"type":"if","locations":[{"start":{"line":135,"column":10},"end":{"line":135,"column":10}},{"start":{"line":135,"column":10},"end":{"line":135,"column":10}}]},"16":{"line":143,"type":"if","locations":[{"start":{"line":143,"column":8},"end":{"line":143,"column":8}},{"start":{"line":143,"column":8},"end":{"line":143,"column":8}}]},"17":{"line":143,"type":"binary-expr","locations":[{"start":{"line":143,"column":12},"end":{"line":143,"column":41}},{"start":{"line":143,"column":45},"end":{"line":143,"column":76}}]}},"code":["// Coverage Preprocessor","// =====================","//","// Depends on the the reporter to generate an actual report","","// Dependencies","// ------------","","var istanbul = require('istanbul')","var minimatch = require('minimatch')","var path = require('path')","var _ = require('lodash')","var SourceMapConsumer = require('source-map').SourceMapConsumer","var SourceMapGenerator = require('source-map').SourceMapGenerator","var globalSourceCache = require('./source-cache')","var extend = require('util')._extend","var coverageMap = require('./coverage-map')","","// Regexes","// -------","","var coverageObjRegex = /\\{.*\"path\".*\"fnMap\".*\"statementMap\".*\"branchMap\".*\\}/g","","// Preprocessor creator function","function createCoveragePreprocessor (logger, helper, basePath, reporters, coverageReporter) {","  var log = logger.create('preprocessor.coverage')","","  // Options","  // -------","","  var instrumenterOverrides = {}","  var instrumenters = {istanbul: istanbul}","  var includeAllSources = false","  var useJSExtensionForCoffeeScript = false","","  if (coverageReporter) {","    instrumenterOverrides = coverageReporter.instrumenter","    instrumenters = extend({istanbul: istanbul}, coverageReporter.instrumenters)","    includeAllSources = coverageReporter.includeAllSources === true","    useJSExtensionForCoffeeScript = coverageReporter.useJSExtensionForCoffeeScript === true","  }","","  var sourceCache = globalSourceCache.get(basePath)","","  var instrumentersOptions = _.reduce(instrumenters, function getInstumenterOptions (memo, instrument, name) {","    memo[name] = {}","","    if (coverageReporter && coverageReporter.instrumenterOptions) {","      memo[name] = coverageReporter.instrumenterOptions[name]","    }","","    return memo","  }, {})","","  // if coverage reporter is not used, do not preprocess the files","  if (!_.includes(reporters, 'coverage')) {","    return function (content, _, done) {","      done(content)","    }","  }","","  // check instrumenter override requests","  function checkInstrumenters () {","    return _.reduce(instrumenterOverrides, function (acc, literal, pattern) {","      if (!_.includes(_.keys(instrumenters), String(literal))) {","        log.error('Unknown instrumenter: %s', literal)","        return false","      }","      return acc","    }, true)","  }","","  if (!checkInstrumenters()) {","    return function (content, _, done) {","      return done(1)","    }","  }","","  return function (content, file, done) {","    log.debug('Processing \"%s\".', file.originalPath)","","    var jsPath = path.resolve(file.originalPath)","    // default instrumenters","    var instrumenterLiteral = 'istanbul'","","    _.forEach(instrumenterOverrides, function (literal, pattern) {","      if (minimatch(file.originalPath, pattern, {dot: true})) {","        instrumenterLiteral = String(literal)","      }","    })","","    var InstrumenterConstructor = instrumenters[instrumenterLiteral].Instrumenter","    var constructOptions = instrumentersOptions[instrumenterLiteral] || {}","    var codeGenerationOptions = null","","    if (file.sourceMap) {","      log.debug('Enabling source map generation for \"%s\".', file.originalPath)","      codeGenerationOptions = extend({","        format: {","          compact: !constructOptions.noCompact","        },","        sourceMap: file.sourceMap.file,","        sourceMapWithCode: true,","        file: file.path","      }, constructOptions.codeGenerationOptions || {})","    }","","    var options = extend({}, constructOptions)","    options = extend(options, {codeGenerationOptions: codeGenerationOptions})","","    var instrumenter = new InstrumenterConstructor(options)","    instrumenter.instrument(content, jsPath, function (err, instrumentedCode) {","      if (err) {","        log.error('%s\\n  at %s', err.message, file.originalPath)","        done(err.message)","      } else {","        if (file.sourceMap && instrumenter.lastSourceMap()) {","          log.debug('Adding source map to instrumented file for \"%s\".', file.originalPath)","          var generator = SourceMapGenerator.fromSourceMap(new SourceMapConsumer(instrumenter.lastSourceMap().toString()))","          generator.applySourceMap(new SourceMapConsumer(file.sourceMap))","          file.sourceMap = JSON.parse(generator.toString())","          instrumentedCode += '\\n//# sourceMappingURL=data:application/json;charset=utf-8;base64,'","          instrumentedCode += new Buffer(JSON.stringify(file.sourceMap)).toString('base64') + '\\n'","        }","","        // remember the actual immediate instrumented JS for given original path","        sourceCache[jsPath] = content","","        if (includeAllSources) {","          // reset stateful regex","          coverageObjRegex.lastIndex = 0","","          var coverageObjMatch = coverageObjRegex.exec(instrumentedCode)","","          if (coverageObjMatch !== null) {","            var coverageObj = JSON.parse(coverageObjMatch[0])","","            coverageMap.add(coverageObj)","          }","        }","","        // RequireJS expects JavaScript files to end with `.js`","        if (useJSExtensionForCoffeeScript && instrumenterLiteral === 'ibrik') {","          file.path = file.path.replace(/\\.coffee$/, '.js')","        }","","        done(instrumentedCode)","      }","    })","  }","}","","createCoveragePreprocessor.$inject = [","  'logger',","  'helper',","  'config.basePath',","  'config.reporters',","  'config.coverageReporter'","]","","module.exports = createCoveragePreprocessor",""],"l":{"9":1,"10":1,"11":1,"12":1,"13":1,"14":1,"15":1,"16":1,"17":1,"22":1,"25":1,"26":0,"31":0,"32":0,"33":0,"34":0,"36":0,"37":0,"38":0,"39":0,"40":0,"43":0,"45":0,"46":0,"48":0,"49":0,"52":0,"56":0,"57":0,"58":0,"63":1,"64":0,"65":0,"66":0,"67":0,"69":0,"73":0,"74":0,"75":0,"79":0,"80":0,"82":0,"84":0,"86":0,"87":0,"88":0,"92":0,"93":0,"94":0,"96":0,"97":0,"98":0,"108":0,"109":0,"111":0,"112":0,"113":0,"114":0,"115":0,"117":0,"118":0,"119":0,"120":0,"121":0,"122":0,"123":0,"127":0,"129":0,"131":0,"133":0,"135":0,"136":0,"138":0,"143":0,"144":0,"147":0,"153":1,"161":1}},"/home/travis/build/npmtest/node-npmtest-karma-coverage/node_modules/karma-coverage/lib/source-cache.js":{"path":"/home/travis/build/npmtest/node-npmtest-karma-coverage/node_modules/karma-coverage/lib/source-cache.js","s":{"1":1,"2":1,"3":0,"4":0,"5":0,"6":1},"b":{"1":[0,0]},"f":{"1":0},"fnMap":{"1":{"name":"get","line":6,"loc":{"start":{"line":6,"column":0},"end":{"line":6,"column":24}}}},"statementMap":{"1":{"start":{"line":4,"column":0},"end":{"line":4,"column":14}},"2":{"start":{"line":6,"column":0},"end":{"line":12,"column":1}},"3":{"start":{"line":7,"column":2},"end":{"line":9,"column":3}},"4":{"start":{"line":8,"column":4},"end":{"line":8,"column":24}},"5":{"start":{"line":11,"column":2},"end":{"line":11,"column":24}},"6":{"start":{"line":14,"column":0},"end":{"line":16,"column":1}}},"branchMap":{"1":{"line":7,"type":"if","locations":[{"start":{"line":7,"column":2},"end":{"line":7,"column":2}},{"start":{"line":7,"column":2},"end":{"line":7,"column":2}}]}},"code":["// Source Cache","// ============","","var cache = {}","","function get (basePath) {","  if (!cache[basePath]) {","    cache[basePath] = {}","  }","","  return cache[basePath]","}","","module.exports = {","  get: get","}",""],"l":{"4":1,"6":1,"7":0,"8":0,"11":0,"14":1}},"/home/travis/build/npmtest/node-npmtest-karma-coverage/node_modules/karma-coverage/lib/coverage-map.js":{"path":"/home/travis/build/npmtest/node-npmtest-karma-coverage/node_modules/karma-coverage/lib/coverage-map.js","s":{"1":1,"2":1,"3":0,"4":1,"5":0,"6":1,"7":0,"8":1},"b":{},"f":{"1":0,"2":0,"3":0},"fnMap":{"1":{"name":"add","line":6,"loc":{"start":{"line":6,"column":0},"end":{"line":6,"column":27}}},"2":{"name":"get","line":10,"loc":{"start":{"line":10,"column":0},"end":{"line":10,"column":16}}},"3":{"name":"reset","line":14,"loc":{"start":{"line":14,"column":0},"end":{"line":14,"column":18}}}},"statementMap":{"1":{"start":{"line":4,"column":0},"end":{"line":4,"column":20}},"2":{"start":{"line":6,"column":0},"end":{"line":8,"column":1}},"3":{"start":{"line":7,"column":2},"end":{"line":7,"column":45}},"4":{"start":{"line":10,"column":0},"end":{"line":12,"column":1}},"5":{"start":{"line":11,"column":2},"end":{"line":11,"column":20}},"6":{"start":{"line":14,"column":0},"end":{"line":16,"column":1}},"7":{"start":{"line":15,"column":2},"end":{"line":15,"column":18}},"8":{"start":{"line":18,"column":0},"end":{"line":22,"column":1}}},"branchMap":{},"code":["// Coverage Map","// ============","","var coverageMap = {}","","function add (coverageObj) {","  coverageMap[coverageObj.path] = coverageObj","}","","function get () {","  return coverageMap","}","","function reset () {","  coverageMap = {}","}","","module.exports = {","  add: add,","  get: get,","  reset: reset","}",""],"l":{"4":1,"6":1,"7":0,"10":1,"11":0,"14":1,"15":0,"18":1}},"/home/travis/build/npmtest/node-npmtest-karma-coverage/node_modules/karma-coverage/lib/reporter.js":{"path":"/home/travis/build/npmtest/node-npmtest-karma-coverage/node_modules/karma-coverage/lib/reporter.js","s":{"1":1,"2":1,"3":1,"4":1,"5":1,"6":1,"7":1,"8":1,"9":0,"10":0,"11":0,"12":1,"13":0,"14":0,"15":0,"16":0,"17":0,"18":0,"19":0,"20":0,"21":0,"22":0,"23":0,"24":0,"25":0,"26":0,"27":1,"28":0,"29":0,"30":0,"31":0,"32":0,"33":0,"34":0,"35":0,"36":1,"37":0,"38":0,"39":0,"40":0,"41":1,"42":0,"43":0,"44":0,"45":1,"46":0,"47":0,"48":0,"49":0,"50":0,"51":0,"52":0,"53":1,"54":0,"55":0,"56":0,"57":0,"58":0,"59":0,"60":1,"61":0,"62":0,"63":0,"64":0,"65":0,"66":0,"67":0,"68":0,"69":1,"70":0,"71":0,"72":0,"73":0,"74":0,"75":0,"76":0,"77":0,"78":0,"79":0,"80":0,"81":0,"82":0,"83":0,"84":0,"85":0,"86":0,"87":1,"88":0,"89":0,"90":0,"91":0,"92":0,"93":0,"94":0,"95":0,"96":0,"97":0,"98":0,"99":0,"100":0,"101":0,"102":0,"103":0,"104":0,"105":0,"106":0,"107":0,"108":0,"109":0,"110":0,"111":0,"112":0,"113":0,"114":0,"115":0,"116":0,"117":0,"118":0,"119":0,"120":0,"121":0,"122":0,"123":0,"124":0,"125":0,"126":0,"127":0,"128":0,"129":0,"130":0,"131":0,"132":0,"133":0,"134":0,"135":0,"136":0,"137":0,"138":0,"139":0,"140":0,"141":0,"142":0,"143":0,"144":0,"145":0,"146":0,"147":0,"148":0,"149":0,"150":0,"151":1,"152":1},"b":{"1":[0,0],"2":[0,0],"3":[0,0],"4":[0,0],"5":[0,0],"6":[0,0],"7":[0,0],"8":[0,0],"9":[0,0],"10":[0,0],"11":[0,0],"12":[0,0],"13":[0,0],"14":[0,0],"15":[0,0],"16":[0,0],"17":[0,0],"18":[0,0],"19":[0,0],"20":[0,0],"21":[0,0],"22":[0,0],"23":[0,0],"24":[0,0],"25":[0,0],"26":[0,0],"27":[0,0],"28":[0,0],"29":[0,0],"30":[0,0],"31":[0,0],"32":[0,0],"33":[0,0],"34":[0,0],"35":[0,0],"36":[0,0],"37":[0,0]},"f":{"1":0,"2":0,"3":0,"4":0,"5":0,"6":0,"7":0,"8":0,"9":0,"10":0,"11":0,"12":0,"13":0,"14":0,"15":0,"16":0,"17":0,"18":0,"19":0,"20":0,"21":0,"22":0,"23":0,"24":0,"25":0,"26":0,"27":0,"28":0,"29":0},"fnMap":{"1":{"name":"isAbsolute","line":22,"loc":{"start":{"line":22,"column":0},"end":{"line":22,"column":27}}},"2":{"name":"(anonymous_2)","line":31,"loc":{"start":{"line":31,"column":23},"end":{"line":31,"column":70}}},"3":{"name":"(anonymous_3)","line":58,"loc":{"start":{"line":58,"column":28},"end":{"line":58,"column":40}}},"4":{"name":"writeReport","line":60,"loc":{"start":{"line":60,"column":2},"end":{"line":60,"column":45}}},"5":{"name":"disposeCollectors","line":76,"loc":{"start":{"line":76,"column":2},"end":{"line":76,"column":32}}},"6":{"name":"(anonymous_6)","line":78,"loc":{"start":{"line":78,"column":28},"end":{"line":78,"column":49}}},"7":{"name":"normalize","line":86,"loc":{"start":{"line":86,"column":2},"end":{"line":86,"column":27}}},"8":{"name":"removeFiles","line":95,"loc":{"start":{"line":95,"column":2},"end":{"line":95,"column":42}}},"9":{"name":"(anonymous_9)","line":98,"loc":{"start":{"line":98,"column":32},"end":{"line":98,"column":47}}},"10":{"name":"(anonymous_10)","line":100,"loc":{"start":{"line":100,"column":32},"end":{"line":100,"column":51}}},"11":{"name":"overrideThresholds","line":113,"loc":{"start":{"line":113,"column":2},"end":{"line":113,"column":47}}},"12":{"name":"(anonymous_12)","line":117,"loc":{"start":{"line":117,"column":32},"end":{"line":117,"column":51}}},"13":{"name":"checkCoverage","line":127,"loc":{"start":{"line":127,"column":2},"end":{"line":127,"column":46}}},"14":{"name":"(anonymous_14)","line":153,"loc":{"start":{"line":153,"column":37},"end":{"line":153,"column":52}}},"15":{"name":"check","line":159,"loc":{"start":{"line":159,"column":4},"end":{"line":159,"column":47}}},"16":{"name":"(anonymous_16)","line":167,"loc":{"start":{"line":167,"column":19},"end":{"line":167,"column":34}}},"17":{"name":"(anonymous_17)","line":190,"loc":{"start":{"line":190,"column":37},"end":{"line":190,"column":52}}},"18":{"name":"generateOutputDir","line":200,"loc":{"start":{"line":200,"column":2},"end":{"line":200,"column":56}}},"19":{"name":"(anonymous_19)","line":211,"loc":{"start":{"line":211,"column":20},"end":{"line":211,"column":40}}},"20":{"name":"(anonymous_20)","line":220,"loc":{"start":{"line":220,"column":24},"end":{"line":220,"column":43}}},"21":{"name":"(anonymous_21)","line":228,"loc":{"start":{"line":228,"column":27},"end":{"line":228,"column":54}}},"22":{"name":"(anonymous_22)","line":237,"loc":{"start":{"line":237,"column":24},"end":{"line":237,"column":51}}},"23":{"name":"(anonymous_23)","line":243,"loc":{"start":{"line":243,"column":23},"end":{"line":243,"column":52}}},"24":{"name":"(anonymous_24)","line":246,"loc":{"start":{"line":246,"column":22},"end":{"line":246,"column":48}}},"25":{"name":"(anonymous_25)","line":247,"loc":{"start":{"line":247,"column":23},"end":{"line":247,"column":42}}},"26":{"name":"(anonymous_26)","line":294,"loc":{"start":{"line":294,"column":43},"end":{"line":294,"column":55}}},"27":{"name":"(anonymous_27)","line":305,"loc":{"start":{"line":305,"column":16},"end":{"line":305,"column":32}}},"28":{"name":"(anonymous_28)","line":309,"loc":{"start":{"line":309,"column":11},"end":{"line":309,"column":27}}},"29":{"name":"(anonymous_29)","line":309,"loc":{"start":{"line":309,"column":36},"end":{"line":309,"column":48}}}},"statementMap":{"1":{"start":{"line":13,"column":0},"end":{"line":13,"column":26}},"2":{"start":{"line":14,"column":0},"end":{"line":14,"column":34}},"3":{"start":{"line":15,"column":0},"end":{"line":15,"column":36}},"4":{"start":{"line":16,"column":0},"end":{"line":16,"column":25}},"5":{"start":{"line":18,"column":0},"end":{"line":18,"column":49}},"6":{"start":{"line":19,"column":0},"end":{"line":19,"column":43}},"7":{"start":{"line":20,"column":0},"end":{"line":20,"column":54}},"8":{"start":{"line":22,"column":0},"end":{"line":28,"column":1}},"9":{"start":{"line":23,"column":2},"end":{"line":25,"column":3}},"10":{"start":{"line":24,"column":4},"end":{"line":24,"column":32}},"11":{"start":{"line":27,"column":2},"end":{"line":27,"column":52}},"12":{"start":{"line":31,"column":0},"end":{"line":316,"column":1}},"13":{"start":{"line":32,"column":2},"end":{"line":32,"column":37}},"14":{"start":{"line":37,"column":2},"end":{"line":37,"column":20}},"15":{"start":{"line":42,"column":2},"end":{"line":42,"column":48}},"16":{"start":{"line":43,"column":2},"end":{"line":43,"column":36}},"17":{"start":{"line":44,"column":2},"end":{"line":44,"column":34}},"18":{"start":{"line":45,"column":2},"end":{"line":45,"column":51}},"19":{"start":{"line":46,"column":2},"end":{"line":46,"column":59}},"20":{"start":{"line":48,"column":2},"end":{"line":50,"column":3}},"21":{"start":{"line":49,"column":4},"end":{"line":49,"column":113}},"22":{"start":{"line":52,"column":2},"end":{"line":54,"column":3}},"23":{"start":{"line":53,"column":4},"end":{"line":53,"column":24}},"24":{"start":{"line":56,"column":2},"end":{"line":56,"column":16}},"25":{"start":{"line":57,"column":2},"end":{"line":57,"column":29}},"26":{"start":{"line":58,"column":2},"end":{"line":58,"column":42}},"27":{"start":{"line":60,"column":2},"end":{"line":74,"column":3}},"28":{"start":{"line":61,"column":4},"end":{"line":71,"column":5}},"29":{"start":{"line":62,"column":6},"end":{"line":67,"column":7}},"30":{"start":{"line":63,"column":8},"end":{"line":63,"column":59}},"31":{"start":{"line":64,"column":8},"end":
[...]
ne":238,"type":"if","locations":[{"start":{"line":238,"column":4},"end":{"line":238,"column":4}},{"start":{"line":238,"column":4},"end":{"line":238,"column":4}}]},"23":{"line":250,"type":"if","locations":[{"start":{"line":250,"column":8},"end":{"line":250,"column":8}},{"start":{"line":250,"column":8},"end":{"line":250,"column":8}}]},"24":{"line":255,"type":"if","locations":[{"start":{"line":255,"column":8},"end":{"line":255,"column":8}},{"start":{"line":255,"column":8},"end":{"line":255,"column":8}}]},"25":{"line":255,"type":"binary-expr","locations":[{"start":{"line":255,"column":12},"end":{"line":255,"column":42}},{"start":{"line":255,"column":46},"end":{"line":255,"column":74}}]},"26":{"line":258,"type":"if","locations":[{"start":{"line":258,"column":10},"end":{"line":258,"column":10}},{"start":{"line":258,"column":10},"end":{"line":258,"column":10}}]},"27":{"line":259,"type":"if","locations":[{"start":{"line":259,"column":12},"end":{"line":259,"column":12}},{"start":{"line":259,"column":12},"end":{"line":259,"column":12}}]},"28":{"line":267,"type":"binary-expr","locations":[{"start":{"line":267,"column":22},"end":{"line":267,"column":40}},{"start":{"line":267,"column":44},"end":{"line":267,"column":54}}]},"29":{"line":268,"type":"binary-expr","locations":[{"start":{"line":268,"column":21},"end":{"line":268,"column":42}},{"start":{"line":268,"column":46},"end":{"line":268,"column":59}}]},"30":{"line":273,"type":"cond-expr","locations":[{"start":{"line":273,"column":51},"end":{"line":273,"column":55}},{"start":{"line":273,"column":58},"end":{"line":275,"column":10}}]},"31":{"line":283,"type":"binary-expr","locations":[{"start":{"line":283,"column":46},"end":{"line":283,"column":65}},{"start":{"line":283,"column":69},"end":{"line":283,"column":75}}]},"32":{"line":286,"type":"binary-expr","locations":[{"start":{"line":286,"column":21},"end":{"line":286,"column":41}},{"start":{"line":286,"column":45},"end":{"line":286,"column":106}}]},"33":{"line":289,"type":"if","locations":[{"start":{"line":289,"column":8},"end":{"line":289,"column":8}},{"start":{"line":289,"column":8},"end":{"line":289,"column":8}}]},"34":{"line":289,"type":"binary-expr","locations":[{"start":{"line":289,"column":12},"end":{"line":289,"column":19}},{"start":{"line":289,"column":23},"end":{"line":289,"column":32}}]},"35":{"line":306,"type":"if","locations":[{"start":{"line":306,"column":4},"end":{"line":306,"column":4}},{"start":{"line":306,"column":4},"end":{"line":306,"column":4}}]},"36":{"line":308,"type":"cond-expr","locations":[{"start":{"line":309,"column":11},"end":{"line":309,"column":80}},{"start":{"line":310,"column":10},"end":{"line":310,"column":14}}]},"37":{"line":313,"type":"cond-expr","locations":[{"start":{"line":313,"column":46},"end":{"line":313,"column":66}},{"start":{"line":313,"column":69},"end":{"line":313,"column":75}}]}},"code":["// Coverage Reporter","// Part of this code is based on [1], which is licensed under the New BSD License.","// For more information see the See the accompanying LICENSE-istanbul file for terms.","//","// [1]: https://github.com/gotwarlost/istanbul/blob/master/lib/command/check-coverage.js","// =====================","//","// Generates the report","","// Dependencies","// ------------","","var path = require('path')","var istanbul = require('istanbul')","var minimatch = require('minimatch')","var _ = require('lodash')","","var globalSourceCache = require('./source-cache')","var coverageMap = require('./coverage-map')","var SourceCacheStore = require('./source-cache-store')","","function isAbsolute (file) {","  if (path.isAbsolute) {","    return path.isAbsolute(file)","  }","","  return path.resolve(file) === path.normalize(file)","}","","// TODO(vojta): inject only what required (config.basePath, config.coverageReporter)","var CoverageReporter = function (rootConfig, helper, logger, emitter) {","  var log = logger.create('coverage')","","  // Instance variables","  // ------------------","","  this.adapters = []","","  // Options","  // -------","","  var config = rootConfig.coverageReporter || {}","  var basePath = rootConfig.basePath","  var reporters = config.reporters","  var sourceCache = globalSourceCache.get(basePath)","  var includeAllSources = config.includeAllSources === true","","  if (config.watermarks) {","    config.watermarks = helper.merge({}, istanbul.config.defaultConfig().reporting.watermarks, config.watermarks)","  }","","  if (!helper.isDefined(reporters)) {","    reporters = [config]","  }","","  var collectors","  var pendingFileWritings = 0","  var fileWritingFinished = function () {}","","  function writeReport (reporter, collector) {","    try {","      if (typeof config._onWriteReport === 'function') {","        var newCollector = config._onWriteReport(collector)","        if (typeof newCollector === 'object') {","          collector = newCollector","        }","      }","      reporter.writeReport(collector, true)","    } catch (e) {","      log.error(e)","    }","","    --pendingFileWritings","  }","","  function disposeCollectors () {","    if (pendingFileWritings <= 0) {","      _.forEach(collectors, function (collector) {","        collector.dispose()","      })","","      fileWritingFinished()","    }","  }","","  function normalize (key) {","    // Exclude keys will always be relative, but covObj keys can be absolute or relative","    var excludeKey = isAbsolute(key) ? path.relative(basePath, key) : key","    // Also normalize for files that start with `./`, etc.","    excludeKey = path.normalize(excludeKey)","","    return excludeKey","  }","","  function removeFiles (covObj, patterns) {","    var obj = {}","","    Object.keys(covObj).forEach(function (key) {","      // Do any patterns match the resolved key","      var found = patterns.some(function (pattern) {","        return minimatch(normalize(key), pattern, {dot: true})","      })","","      // if no patterns match, keep the key","      if (!found) {","        obj[key] = covObj[key]","      }","    })","","    return obj","  }","","  function overrideThresholds (key, overrides) {","    var thresholds = {}","","    // First match wins","    Object.keys(overrides).some(function (pattern) {","      if (minimatch(normalize(key), pattern, {dot: true})) {","        thresholds = overrides[pattern]","        return true","      }","    })","","    return thresholds","  }","","  function checkCoverage (browser, collector) {","    var defaultThresholds = {","      global: {","        statements: 0,","        branches: 0,","        lines: 0,","        functions: 0,","        excludes: []","      },","      each: {","        statements: 0,","        branches: 0,","        lines: 0,","        functions: 0,","        excludes: [],","        overrides: {}","      }","    }","","    var thresholds = helper.merge({}, defaultThresholds, config.check)","","    var rawCoverage = collector.getFinalCoverage()","    var globalResults = istanbul.utils.summarizeCoverage(removeFiles(rawCoverage, thresholds.global.excludes))","    var eachResults = removeFiles(rawCoverage, thresholds.each.excludes)","","    // Summarize per-file results and mutate original results.","    Object.keys(eachResults).forEach(function (key) {","      eachResults[key] = istanbul.utils.summarizeFileCoverage(eachResults[key])","    })","","    var coverageFailed = false","","    function check (name, thresholds, actuals) {","      var keys = [","        'statements',","        'branches',","        'lines',","        'functions'","      ]","","      keys.forEach(function (key) {","        var actual = actuals[key].pct","        var actualUncovered = actuals[key].total - actuals[key].covered","        var threshold = thresholds[key]","","        if (threshold < 0) {","          if (threshold * -1 < actualUncovered) {","            coverageFailed = true","            log.error(browser.name + ': Uncovered count for ' + key + ' (' + actualUncovered +","              ') exceeds ' + name + ' threshold (' + -1 * threshold + ')')","          }","        } else {","          if (actual < threshold) {","            coverageFailed = true","            log.error(browser.name + ': Coverage for ' + key + ' (' + actual +","              '%) does not meet ' + name + ' threshold (' + threshold + '%)')","          }","        }","      })","    }","","    check('global', thresholds.global, globalResults)","","    Object.keys(eachResults).forEach(function (key) {","      var keyThreshold = helper.merge(thresholds.each, overrideThresholds(key, thresholds.each.overrides))","      check('per-file' + ' (' + key + ') ', keyThreshold, eachResults[key])","    })","","    return coverageFailed","  }","","  // Generate the output directory from the `coverageReporter.dir` and","  // `coverageReporter.subdir` options.","  function generateOutputDir (browserName, dir, subdir) {","    dir = dir || 'coverage'","    subdir = subdir || browserName","","    if (_.isFunction(subdir)) {","      subdir = subdir(browserName)","    }","","    return path.join(dir, subdir)","  }","","  this.onRunStart = function (browsers) {","    collectors = Object.create(null)","","    // TODO(vojta): remove once we don't care about Karma 0.10","    if (browsers) {","      browsers.forEach(this.onBrowserStart.bind(this))","    }","  }","","  this.onBrowserStart = function (browser) {","    collectors[browser.id] = new istanbul.Collector()","","    if (!includeAllSources) return","","    collectors[browser.id].add(coverageMap.get())","  }","","  this.onBrowserComplete = function (browser, result) {","    var collector = collectors[browser.id]","","    if (!collector) return","    if (!result || !result.coverage) return","","    collector.add(result.coverage)","  }","","  this.onSpecComplete = function (browser, result) {","    if (!result.coverage) return","","    collectors[browser.id].add(result.coverage)","  }","","  this.onRunComplete = function (browsers, results) {","    var checkedCoverage = {}","","    reporters.forEach(function (reporterConfig) {","      browsers.forEach(function (browser) {","        var collector = collectors[browser.id]","","        if (!collector) {","          return","        }","","        // If config.check is defined, check coverage levels for each browser","        if (config.hasOwnProperty('check') && !checkedCoverage[browser.id]) {","          checkedCoverage[browser.id] = true","          var coverageFailed = checkCoverage(browser, collector)","          if (coverageFailed) {","            if (results) {","              results.exitCode = 1","            }","          }","        }","","        pendingFileWritings++","","        var mainDir = reporterConfig.dir || config.dir","        var subDir = reporterConfig.subdir || config.subdir","        var simpleOutputDir = generateOutputDir(browser.name, mainDir, subDir)","        var resolvedOutputDir = path.resolve(basePath, simpleOutputDir)","","        var outputDir = helper.normalizeWinPath(resolvedOutputDir)","        var sourceStore = _.isEmpty(sourceCache) ? null : new SourceCacheStore({","          sourceCache: sourceCache","        })","        var options = helper.merge({","          sourceStore: sourceStore","        }, config, reporterConfig, {","          dir: outputDir,","          browser: browser,","          emitter: emitter","        })","        var reporter = istanbul.Report.create(reporterConfig.type || 'html', options)","","         // If reporting to console or in-memory skip directory creation","        var toDisk = !reporterConfig.type || !reporterConfig.type.match(/^(text|text-summary|in-memory)$/)","        var hasNoFile = _.isUndefined(reporterConfig.file)","","        if (!toDisk && hasNoFile) {","          writeReport(reporter, collector)","          return","        }","","        helper.mkdirIfNotExists(outputDir, function () {","          log.debug('Writing coverage to %s', outputDir)","          writeReport(reporter, collector)","          disposeCollectors()","        })","      })","    })","","    disposeCollectors()","  }","","  this.onExit = function (done) {","    if (pendingFileWritings) {","      fileWritingFinished = (","        typeof config._onExit === 'function'","        ? (function (done) { return function () { config._onExit(done) } }(done))","        : done","      )","    } else {","      (typeof config._onExit === 'function' ? config._onExit(done) : done())","    }","  }","}","","CoverageReporter.$inject = ['config', 'helper', 'logger', 'emitter']","","// PUBLISH","module.exports = CoverageReporter",""],"l":{"13":1,"14":1,"15":1,"16":1,"18":1,"19":1,"20":1,"22":1,"23":0,"24":0,"27":0,"31":1,"32":0,"37":0,"42":0,"43":0,"44":0,"45":0,"46":0,"48":0,"49":0,"52":0,"53":0,"56":0,"57":0,"58":0,"60":1,"61":0,"62":0,"63":0,"64":0,"65":0,"68":0,"70":0,"73":0,"76":1,"77":0,"78":0,"79":0,"82":0,"86":1,"88":0,"90":0,"92":0,"95":1,"96":0,"98":0,"100":0,"101":0,"105":0,"106":0,"110":0,"113":1,"114":0,"117":0,"118":0,"119":0,"120":0,"124":0,"127":1,"128":0,"146":0,"148":0,"149":0,"150":0,"153":0,"154":0,"157":0,"159":1,"160":0,"167":0,"168":0,"169":0,"170":0,"172":0,"173":0,"174":0,"175":0,"179":0,"180":0,"181":0,"188":0,"190":0,"191":0,"192":0,"195":0,"200":1,"201":0,"202":0,"204":0,"205":0,"208":0,"211":0,"212":0,"215":0,"216":0,"220":0,"221":0,"223":0,"225":0,"228":0,"229":0,"231":0,"232":0,"234":0,"237":0,"238":0,"240":0,"243":0,"244":0,"246":0,"247":0,"248":0,"250":0,"251":0,"255":0,"256":0,"257":0,"258":0,"259":0,"260":0,"265":0,"267":0,"268":0,"269":0,"270":0,"272":0,"273":0,"276":0,"283":0,"286":0,"287":0,"289":0,"290":0,"291":0,"294":0,"295":0,"296":0,"297":0,"302":0,"305":0,"306":0,"307":0,"309":0,"313":0,"318":1,"321":1}},"/home/travis/build/npmtest/node-npmtest-karma-coverage/node_modules/karma-coverage/lib/source-cache-store.js":{"path":"/home/travis/build/npmtest/node-npmtest-karma-coverage/node_modules/karma-coverage/lib/source-cache-store.js","s":{"1":1,"2":1,"3":1,"4":0,"5":0,"6":0,"7":1,"8":1,"9":1,"10":0,"11":0,"12":0,"13":0},"b":{"1":[0,0]},"f":{"1":0,"2":0,"3":0,"4":0,"5":0},"fnMap":{"1":{"name":"(anonymous_1)","line":13,"loc":{"start":{"line":13,"column":40},"end":{"line":13,"column":56}}},"2":{"name":"(anonymous_2)","line":28,"loc":{"start":{"line":28,"column":8},"end":{"line":28,"column":20}}},"3":{"name":"(anonymous_3)","line":31,"loc":{"start":{"line":31,"column":7},"end":{"line":31,"column":22}}},"4":{"name":"(anonymous_4)","line":34,"loc":{"start":{"line":34,"column":10},"end":{"line":34,"column":25}}},"5":{"name":"(anonymous_5)","line":37,"loc":{"start":{"line":37,"column":7},"end":{"line":37,"column":32}}}},"statementMap":{"1":{"start":{"line":9,"column":0},"end":{"line":9,"column":26}},"2":{"start":{"line":10,"column":0},"end":{"line":10,"column":37}},"3":{"start":{"line":13,"column":0},"end":{"line":17,"column":1}},"4":{"start":{"line":14,"column":2},"end":{"line":14,"column":24}},"5":{"start":{"line":15,"column":2},"end":{"line":15,"column":19}},"6":{"start":{"line":16,"column":2},"end":{"line":16,"column":37}},"7":{"start":{"line":21,"column":0},"end":{"line":21,"column":43}},"8":{"start":{"line":24,"column":0},"end":{"line":24,"column":38}},"9":{"start":{"line":27,"column":0},"end":{"line":40,"column":2}},"10":{"start":{"line":29,"column":4},"end":{"line":29,"column":38}},"11":{"start":{"line":32,"column":4},"end":{"line":32,"column":32}},"12":{"start":{"line":35,"column":4},"end":{"line":35,"column":47}},"13":{"start":{"line":38,"column":4},"end":{"line":38,"column":37}}},"branchMap":{"1":{"line":15,"type":"binary-expr","locations":[{"start":{"line":15,"column":9},"end":{"line":15,"column":13}},{"start":{"line":15,"column":17},"end":{"line":15,"column":19}}]}},"code":["// Source Cache Store","// ==================","//","// Used by lib/reporter","","// Dependencies","// ------------","","var util = require('util')","var Store = require('istanbul').Store","","// Constructor","var SourceCacheStore = module.exports = function (opts) {","  Store.call(this, opts)","  opts = opts || {}","  this.sourceCache = opts.sourceCache","}","","// Class Constants","// ---------------","SourceCacheStore.TYPE = 'sourceCacheLookup'","","// Inherits from an Istanbul.Store","util.inherits(SourceCacheStore, Store)","","// Implement needed methods","Store.mix(SourceCacheStore, {","  keys: function () {","    throw new Error('Not implemented')","  },","  get: function (key) {","    return this.sourceCache[key]","  },","  hasKey: function (key) {","    return this.sourceCache.hasOwnProperty(key)","  },","  set: function (key, contents) {","    throw new Error('Not applicable')","  }","})",""],"l":{"9":1,"10":1,"13":1,"14":0,"15":0,"16":0,"21":1,"24":1,"27":1,"29":0,"32":0,"35":0,"38":0}},"/home/travis/build/npmtest/node-npmtest-karma-coverage/node_modules/karma-coverage/gruntfile.js":{"path":"/home/travis/build/npmtest/node-npmtest-karma-coverage/node_modules/karma-coverage/gruntfile.js","s":{"1":1,"2":0,"3":0,"4":0,"5":0,"6":0,"7":0},"b":{"1":[0,0]},"f":{"1":0,"2":0},"fnMap":{"1":{"name":"(anonymous_1)","line":1,"loc":{"start":{"line":1,"column":17},"end":{"line":1,"column":34}}},"2":{"name":"(anonymous_2)","line":76,"loc":{"start":{"line":76,"column":72},"end":{"line":76,"column":88}}}},"statementMap":{"1":{"start":{"line":1,"column":0},"end":{"line":86,"column":1}},"2":{"start":{"line":2,"column":2},"end":{"line":69,"column":4}},"3":{"start":{"line":71,"column":2},"end":{"line":71,"column":36}},"4":{"start":{"line":73,"column":2},"end":{"line":73,"column":54}},"5":{"start":{"line":74,"column":2},"end":{"line":74,"column":51}},"6":{"start":{"line":76,"column":2},"end":{"line":85,"column":4}},"7":{"start":{"line":77,"column":4},"end":{"line":84,"column":6}}},"branchMap":{"1":{"line":79,"type":"binary-expr","locations":[{"start":{"line":79,"column":17},"end":{"line":79,"column":21}},{"start":{"line":79,"column":25},"end":{"line":79,"column":32}}]}},"code":["module.exports = function (grunt) {","  grunt.initConfig({","    pkgFile: 'package.json',","    simplemocha: {","      options: {","        ui: 'bdd',","        reporter: 'dot'","      },","      unit: {","        src: [","          'test/mocha-globals.coffee',","          'test/*.spec.coffee'","        ]","      }","    },","    'npm-contributors': {","      options: {","        commitMessage: 'chore: update contributors'","      }","    },","    conventionalChangelog: {","      release: {","        options: {","          changelogOpts: {","            preset: 'angular'","          }","        },","        src: 'CHANGELOG.md'","      }","    },","    conventionalGithubReleaser: {","      release: {","        options: {","          auth: {","            type: 'oauth',","            token: process.env.GH_TOKEN","          },","          changelogOpts: {","            preset: 'angular'","          }","        }","      }","    },","    bump: {","      options: {","        commitMessage: 'chore: release v%VERSION%',","        pushTo: 'upstream',","        commitFiles: [","          'package.json',","          'CHANGELOG.md'","        ]","      }","    },","    karma: {","      coffee: {","        configFile: 'examples/coffee/karma.conf.coffee'","      },","      coffeeRequireJS: {","        configFile: 'examples/coffee-requirejs/karma.conf.coffee'","      }","    },","    eslint: {","      target: [","        'lib/*.js',","        'gruntfile.js',","        'karma.conf.js'","      ]","    }","  })","","  require('load-grunt-tasks')(grunt)","","  grunt.registerTask('test', ['simplemocha', 'karma'])","  grunt.registerTask('default', ['eslint', 'test'])","","  grunt.registerTask('release', 'Bump the version and publish to NPM.', function (type) {","    grunt.task.run([","      'npm-contributors',","      'bump:' + (type || 'patch') + ':bump-only',","      'conventionalChangelog',","      'bump-commit',","      'conventionalGithubReleaser',","      'npm-publish'","    ])","  })","}",""],"l":{"1":1,"2":0,"71":0,"73":0,"74":0,"76":0,"77":0}}}